1 0.0542377 0.0335009 0.062045 0.062045
2 0.0442825 0.0162414 0.0212787 0.0212787
3 0.0221785 0.0357736 0.0356227 0.0356227
4 0.115734 0.108778 0.136802 0.136802
5 0.0432589 0.0493312 0.0449312 0.0449312
6 0.0359055 0.0323168 0.0433038 0.0433038
7 0.0759265 0.0713145 0.0558216 0.0558216
8 0.0321246 0.039279 0.0488903 0.0488903
9 0.0773403 0.0771541 0.0739956 0.0739956
10 0.0765717 0.043263 0.0724155 0.0724155
11 0.0489972 0.0372935 0.0619018 0.0619018
12 0.0226371 0.0235119 0.0417642 0.0417642
13 0.0430573 0.0340976 0.0464617 0.0464617
14 0.0388124 0.0309098 0.0505157 0.0505157
15 0.0709633 0.0323333 0.0409911 0.0409911
16 0.103966 0.0905119 0.0903425 0.0903425
17 0.00254353 0.016722 0.0240368 0.0240368
18 0.0734878 0.0625767 0.0656679 0.0656679
19 0.0335075 0.0313844 0.0346995 0.0346995
20 0.051891 0.0484779 0.0527082 0.0527082
21 0.0263801 0.0236026 0.0314779 0.0314779
22 0.0487525 0.0523711 0.0552007 0.0552007
23 0.101154 0.085401 0.120996 0.120996
24 0.0634337 0.0625873 0.0597417 0.0597417
25 0.0547011 0.0534863 0.0592095 0.0592095
26 0.0489542 0.049319 0.0597022 0.0597022
27 0.0419687 0.0474437 0.0517443 0.0517443
28 0.0316727 0.032844 0.0338689 0.0338689
29 0.0166782 0.0166447 0.0182612 0.0182612
30 0.0743202 0.0743202 0.0744497 0.0744497
31 0.0823956 0.0633648 0.0689167 0.0689167
32 0.0682947 0.0730811 0.0929774 0.0929774
33 0.0586153 0.0603932 0.0589728 0.0589728
34 0.0867956 0.0867956 0.103312 0.103312
35 0.0535927 0.0484071 0.056267 0.056267
36 0.0850445 0.0544886 0.0974744 0.0974744
37 0.0520228 0.0512065 0.0502209 0.0502209
38 0.0166667 0.0170779 0.0182421 0.0182421
39 0.0166693 0.016364 0.016481 0.016481
40 0.080411 0.0766329 0.085567 0.085567
41 0.0483947 0.048373 0.0482891 0.0482891
42 0.100076 0.0988055 0.141863 0.141863
43 0.0311424 0.0312533 0.0311637 0.0311637
44 0.085455 0.078793 0.104099 0.104099
45 0.0679903 0.0591153 0.0621913 0.0621913
46 0.0641139 0.0826918 0.0640809 0.0640809
47 0.0834406 0.0484811 0.0885898 0.0885898
48 0.0383912 0.0362572 0.0515197 0.0515197
49 0.0463817 0.0486562 0.0533568 0.0533568
50 0.109973 0.116007 0.123484 0.123484
51 0.0298089 0.0412672 0.0360176 0.0360176
52 0.0369148 0.0456027 0.0437917 0.0437917
53 0.0399498 0.0399498 0.0428706 0.0428706
54 0.0446988 0.0339235 0.0552382 0.0552382
55 0.0435382 0.0331441 0.0316186 0.0316186
56 0.0380155 0.0225816 0.0593533 0.0593533
57 0.0439174 0.060639 0.056106 0.056106
58 0.0156499 0.016462 0.00960006 0.00960006
59 0.0546839 0.0488331 0.0624771 0.0624771
60 0.027708 0.0327838 0.0310941 0.0310941
61 0.0314581 0.0068988 0.0379071 0.0379071
62 0.0338418 0.033493 0.0280036 0.0280036
63 0.0431854 0.019679 0.0309216 0.0309216
64 0.067287 0.0534622 0.0812715 0.0812715
65 0.0878775 0.0646714 0.0674093 0.0674093
66 0.0593214 0.0743054 0.0709921 0.0709921
67 0.0443636 0.0568882 0.0416134 0.0416134
68 0.0439611 0.0302392 0.0365316 0.0365316
69 0.0520203 0.065448 0.0687069 0.0687069
70 0.0693965 0.0675452 0.0695783 0.0695783
71 0.0641292 0.0821751 0.0711351 0.0711351
72 0.0556893 0.0485575 0.0570453 0.0570453
73 0.0449271 0.0550133 0.0509671 0.0509671
74 0.0703701 0.0531598 0.0651755 0.0651755
75 0.0593994 0.0534468 0.0630093 0.0630093
76 0.0289325 0.0379851 0.0500488 0.0500488
77 0.0211154 0.0211154 0.0171654 0.0171654
78 0.0149333 0.0177654 0.0231169 0.0231169
79 0.0387064 0.0186237 0.0617112 0.0617112
80 0.0305181 0.0294626 0.0329242 0.0329242
81 0.0326977 0.015251 0.0324921 0.0324921
82 0.101046 0.0800059 0.0945949 0.0945949
83 0.0883086 0.0803928 0.0920339 0.0920339
84 0.0997218 0.0807084 0.0900486 0.0900486
85 0.0390722 0.0164124 0.0412676 0.0412676
86 0.0505493 0.0566533 0.0555068 0.0555068
87 0.072734 0.0672966 0.0835656 0.0835656
88 0.046189 0.0541574 0.0626158 0.0626158
89 0.0326297 0.0326188 0.0326441 0.0326441
90 0.0189105 0.0174289 0.0242338 0.0242338
91 0.0579677 0.0577658 0.0609747 0.0609747
92 0.047084 0.0386815 0.0500921 0.0500921
93 0.116596 0.113182 0.129628 0.129628
94 0.0366902 0.0388987 0.0379599 0.0379599
95 0.0522648 0.0505296 0.0634814 0.0634814
96 0.069013 0.066669 0.0674896 0.0674896
97 0.0610534 0.0656384 0.0551349 0.0551349
98 0.000201997 0.000120476 0.00494897 0.00494897
99 0.0415797 0.0328385 0.070151 0.070151
100 0.0467616 0.0387981 0.0382627 0.0382627
101 0.0807721 0.0835335 0.0513091 0.0513091
102 0.0292915 0.0168944 0.0454675 0.0454675
103 0.0106758 0.0013577 0.010048 0.010048
104 0.0451806 0.0494361 0.0374371 0.0374371
105 0.0402947 0.0164759 0.0402255 0.0402255
106 0.0348492 0.025547 0.0291871 0.0291871
107 0.0475112 0.0400867 0.0595571 0.0595571
108 0.0374799 0.0321927 0.0272746 0.0272746
109 0.042526 0.0351339 0.0428609 0.0428609
110 0.066831 0.0628135 0.0786006 0.0786006
111 0.0985544 0.102094 0.10308 0.10308
112 0.0390724 0.0454972 0.0443418 0.0443418
113 0.0293722 0.0169031 0.0171472 0.0171472
114 0.0334463 0.0198899 0.0209225 0.0209225
115 0.11219 0.112152 0.107343 0.107343
116 0.0401603 0.0358941 0.0567842 0.0567842
117 0.0262023 0.00134282 0.0345348 0.0345348
118 0.0177196 0.0116699 0.0170282 0.0170282
119 0.048584 0.0493767 0.0371832 0.0371832
120 0.00663201 0.00143813 0.0203869 0.0203869
121 0.108205 0.0983708 0.107111 0.107111
122 0.0582556 0.0645985 0.0637302 0.0637302
123 0.0747712 0.0645768 0.0680125 0.0680125
124 0.038751 0.0284647 0.0355131 0.0355131
125 0.0749473 0.0520499 0.0727043 0.0727043
126 0.0650029 0.0687718 0.0800389 0.0800389
127 0.0500333 0.0406812 0.0402399 0.0402399
128 0.00458738 0.0128793 0.0158483 0.0158483
129 0.0567227 0.0374036 0.0621443 0.0621443
130 0.0281704 0.0178343 0.0457179 0.0457179
131 0.0594797 0.0648741 0.0715955 0.0715955
132 0.0563468 0.0322022 0.0468759 0.0468759
133 0.0375329 0.0439522 0.0507933 0.0507933
134 0.0358594 0.0378017 0.0507469 0.0507469
135 0.00493915 0.00493915 0.0106683 0.0106683
136 0.063042 0.0487709 0.0707325 0.0707325
137 0.0606197 0.0535737 0.0729499 0.0729499
138 0.0220651 0.0426054 0.0251113 0.0251113
139 0.0664856 0.0756864 0.067723 0.067723
140 0.000447297 0.000596871 0.00114469 0.00114469
141 0.0132418 0.00409374 0.0140897 0.0140897
142 0.0705904 0.0510316 0.0607449 0.0607449
143 0.122763 0.11779 0.13745 0.13745
144 0.0660214 0.0695742 0.0609579 0.0609579
145 0.054671 0.054671 0.0642267 0.0642267
146 0.013833 0.0155076 0.0188326 0.0188326
147 0.0756247 0.0852563 0.0910139 0.0910139
148 0.0468679 0.0384417 0.0500705 0.0500705
149 0.0568399 0.0572559 0.0457861 0.0457861
150 0.0590993 0.0550054 0.0578198 0.0578198
151 0.0566522 0.0416547 0.0691502 0.0691502
152 0.0355734 0.0071949 0.0478073 0.0478073
153 0.0651185 0.0639595 0.0666421 0.0666421
154 0.033797 0.0169907 0.0373905 0.0373905
155 0.0088019 0.01621 0.00968444 0.00968444
156 0.0221122 0.0346847 0.0457796 0.0457796
157 0.0480347 0.0622966 0.0641427 0.0641427
158 0.0142627 0.00224023 0.00116182 0.00116182
159 0.033398 0.0471476 0.0321194 0.0321194
160 0.0375129 0.0375129 0.0508801 0.0508801
161 0.0784008 0.045287 0.0654113 0.0654113
162 0.0789161 0.061401 0.102443 0.102443
163 0.0636116 0.0505475 0.0647221 0.0647221
164 0.0168375 0.0169673 0.0190121 0.0190121
165 0.0543167 0.0406973 0.0459591 0.0459591
166 0.0166667 0.0180044 0.0213208 0.0213208
167 0.069121 0.0511204 0.0786993 0.0786993
168 0.047571 0.0475081 0.0477538 0.0477538
169 0.0477828 0.0457558 0.0498638 0.0498638
170 0.03205 0.0328726 0.0323468 0.0323468
171 0.0536205 0.0486615 0.0685409 0.0685409
172 0.0217056 0.0244393 0.0335206 0.0335206
173 0.010179 0.000983898 0.0285994 0.0285994
174 0.0490723 0.0434341 0.0910252 0.0910252
175 0.0416136 0.0347442 0.0495607 0.0495607
176 0.0619973 0.050531 0.0594934 0.0594934
177 0.0161374 0.0161292 0.0167804 0.0167804
178 0.067438 0.0486275 0.0420329 0.0420329
179 0.0636232 0.0616827 0.0647607 0.0647607
180 0.0146528 0.00403439 0.025645 0.025645
181 0.0363561 0.0344749 0.0363268 0.0363268
182 0.0650755 0.0558739 0.0654131 0.0654131
183 0.117452 0.117679 0.122851 0.122851
184 0.0053348 0.0199118 0.0216574 0.0216574
185 0.0627858 0.0621283 0.0660732 0.0660732
186 0.0339548 0.0193396 0.035861 0.035861
187 0.0597316 0.0477942 0.080784 0.080784
188 0.0731137 0.0490913 0.0786342 0.0786342
189 0.0451561 0.0361105 0.050837 0.050837
190 0.0524697 0.0174326 0.0375682 0.0375682
191 0.0801891 0.0856279 0.0873886 0.0873886
192 0.0881138 0.0324224 0.0625695 0.0625695
193 0.0245417 0.0176961 0.0259776 0.0259776
194 0.0284915 0.0176031 0.035665 0.035665
195 0.0509493 0.0455111 0.0737814 0.0737814
196 0.0473155 0.0520797 0.0765668 0.0765668
197 0.132742 0.138932 0.137184 0.137184
198 0.0495445 0.0454291 0.0615241 0.0615241
199 0.022914 0.00150517 0.0415589 0.0415589
200 0.0226002 0.00518307 0.00727037 0.00727037
201 0.0613973 0.043346 0.0803031 0.0803031
202 0.0443706 0.0218823 0.0262483 0.0262483
203 0.0261911 0.0202778 0.0409784 0.0409784
204 0.0523272 0.0507982 0.0396812 0.0396812
205 0.0261081 0.0216287 0.0276534 0.0276534
206 0.0460341 0.0472633 0.0471876 0.0471876
207 0.0348427 0.0327662 0.0334004 0.0334004
208 0.0390706 0.0447582 0.0519104 0.0519104
209 0.114434 0.0640022 0.0919853 0.0919853
210 0.0507132 0.0492592 0.0512957 0.0512957
211 0.0530017 0.0383671 0.0462491 0.0462491
212 0.0339084 0.0335846 0.038607 0.038607
213 0.0377419 0.0423111 0.0449307 0.0449307
214 0.0925253 0.105027 0.0990798 0.0990798
215 0.0315882 0.0315882 0.0437385 0.0437385
216 0.0766828 0.0732059 0.0941607 0.0941607
217 0.0163776 0.0166667 0.0166818 0.0166818
218 0.0643181 0.0523908 0.0630392 0.0630392
219 0.0660443 0.03267 0.0577533 0.0577533
220 0.0519119 0.0514504 0.0479684 0.0479684
221 0.0879457 0.0819303 0.0723469 0.0723469
222 0.0590291 0.0789129 0.0753107 0.0753107
223 0.0641463 0.0694606 0.063182 0.063182
224 0.0184399 0.0492513 0.0577638 0.0577638
225 0.00410884 0.0166667 0.0166525 0.0166525
226 0.0964554 0.0855101 0.0914518 0.0914518
227 0.0326575 0.0460845 0.0489363 0.0489363
228 0.0346442 0.0333434 0.0334796 0.0334796
229 0.0440996 0.0678686 0.0836016 0.0836016
230 0.0437272 0.0268655 0.0370011 0.0370011
231 0.0495701 0.043911 0.0474906 0.0474906
232 0.0358502 0.0344632 0.0238276 0.0238276
233 0.0348293 0.0330749 0.0327406 0.0327406
234 0.0664973 0.0597304 0.092604 0.092604
235 0.0312866 0.0316045 0.0334737 0.0334737
236 0.0224391 0.0333335 0.0209714 0.0209714
237 0.06632 0.0733778 0.080652 0.080652
238 0.0518076 0.048901 0.0715008 0.0715008
239 0.0348449 0.0336844 0.0312742 0.0312742
240 0.0361594 0.0338562 0.0414379 0.0414379
241 0.0979236 0.0920041 0.109973 0.109973
242 0.028959 0.0131521 0.0510003 0.0510003
243 0.0170089 0.00290716 0.023722 0.023722
244 0.0323581 0.0323404 0.0325862 0.0325862
245 0.0457708 0.0300235 0.0440322 0.0440322
246 0.0330844 0.0318744 0.0334011 0.0334011
247 0.0708058 0.0977897 0.0967629 0.0967629
248 0.0501924 0.0395199 0.0515744 0.0515744
249 0.0445814 0.0541811 0.0553547 0.0553547
250 0.078325 0.0510556 0.095952 0.095952
251 0.065777 0.065537 0.0643494 0.0643494
252 0.0536076 0.0506577 0.051843 0.051843
253 0.0306203 0.0116205 0.0308923 0.0308923
254 0.0339311 0.0414203 0.0484462 0.0484462
255 0.0342807 0.0274117 0.0149862 0.0149862
256 0.0650308 0.0518643 0.064029 0.064029
257 0.0402105 0.0365483 0.0474977 0.0474977
258 0.034731 0.0333531 0.0330959 0.0330959
259 0.057649 0.05055 0.067754 0.067754
260 0.0767753 0.108555 0.108721 0.108721
261 0.0281691 0.0162059 0.0480641 0.0480641
262 0.0513299 0.0489901 0.0663678 0.0663678
263 0.0473503 0.0415955 0.0705169 0.0705169
264 0.0337338 8.22925e-05 0.00791942 0.00791942
265 0.106067 0.102794 0.0948699 0.0948699
266 0.102814 0.0807623 0.0912827 0.0912827
267 0.0475083 0.0474768 0.0485491 0.0485491
268 0.0540696 0.037723 0.0437703 0.0437703
269 0.0424333 0.052055 0.0620664 0.0620664
270 0.0402382 0.0700915 0.0425268 0.0425268
271 0.0350589 0.0473413 0.0647657 0.0647657
272 0.0499387 0.0307529 0.0530998 0.0530998
273 0.035206 0.0316163 0.036944 0.036944
274 0.0141629 0.000362665 0.036034 0.036034
275 0.0768408 0.0575836 0.0924722 0.0924722
276 0.0886247 0.0665953 0.0803505 0.0803505
277 0.0221762 0.0221762 0.0630397 0.0630397
278 0.0185028 0.0270447 0.0470296 0.0470296
279 0.035056 0.0724037 0.0460388 0.0460388
280 0.0396927 0.0526137 0.0580553 0.0580553
281 0.0507747 0.0349443 0.0498344 0.0498344
282 0.0159484 0.0167358 0.0306842 0.0306842
283 0.0504985 0.0491049 0.0548642 0.0548642
284 0.0522178 0.0505036 0.0514986 0.0514986
285 0.078234 0.0833333 0.083406 0.083406
286 0.0756288 0.0681708 0.0847999 0.0847999
287 0.0167795 0.016719 0.018106 0.018106
288 0.0372386 0.0321668 0.0358697 0.0358697
289 0.0245647 0.0174057 0.0228579 0.0228579
290 0.0142234 0.0122651 0.010171 0.010171
291 0.090735 0.0626907 0.0972103 0.0972103
292 0.0195165 0.0161949 0.0183094 0.0183094
293 0.0361222 0.0317982 0.0341214 0.0341214
294 0.0702342 0.0663007 0.0805616 0.0805616
295 0.0752709 0.0442693 0.0534949 0.0534949
296 0.055591 0.0539469 0.0812108 0.0812108
297 0.0613715 0.0641641 0.0675584 0.0675584
298 0.0646315 0.0591061 0.0699273 0.0699273
299 0.0270817 0.0300426 0.0314207 0.0314207
300 0.0583624 0.0617332 0.0641956 0.0641956
