1 0.0708133 0.0419475 0.062045 0.062045
2 0.0442825 0.0162414 0.0212787 0.0212787
3 0.0279688 0.0357736 0.0356227 0.0356227
4 0.140897 0.108778 0.138615 0.138615
5 0.0592965 0.0627192 0.0695133 0.0695133
6 0.0359055 0.0480101 0.0633796 0.0633796
7 0.0839479 0.0723363 0.0947279 0.0947279
8 0.0321246 0.039279 0.0488903 0.0488903
9 0.0790147 0.0777424 0.0783096 0.0783096
10 0.0825453 0.071275 0.0906724 0.0906724
11 0.0513097 0.0372935 0.0633693 0.0633693
12 0.0247138 0.0243587 0.0518395 0.0518395
13 0.0541034 0.0691292 0.0545418 0.0545418
14 0.0388124 0.0520356 0.0505157 0.0505157
15 0.0709633 0.0363524 0.0431807 0.0431807
16 0.104822 0.102237 0.113576 0.113576
17 0.00421971 0.0183257 0.0460028 0.0460028
18 0.0734878 0.070598 0.0673146 0.0673146
19 0.0339917 0.0318818 0.0353159 0.0353159
20 0.0543118 0.0493881 0.0696418 0.0696418
21 0.0290195 0.0244175 0.041531 0.041531
22 0.0528433 0.0592766 0.0552007 0.0552007
23 0.107343 0.094783 0.141833 0.141833
24 0.0634337 0.0633253 0.0600899 0.0600899
25 0.0762179 0.0561251 0.0706813 0.0706813
26 0.0489542 0.0498923 0.0617719 0.0617719
27 0.0434104 0.0537576 0.0697863 0.0697863
28 0.0333555 0.0334568 0.0371863 0.0371863
29 0.0173995 0.019012 0.0196361 0.0196361
30 0.0743202 0.0743202 0.0782649 0.0782649
31 0.100547 0.065476 0.123425 0.123425
32 0.0739416 0.109009 0.0929774 0.0929774
33 0.0586153 0.0628712 0.0734516 0.0734516
34 0.0867956 0.0867956 0.112816 0.112816
35 0.0555965 0.0486516 0.0648542 0.0648542
36 0.0850445 0.0775622 0.0974744 0.0974744
37 0.0542476 0.0521249 0.0502209 0.0502209
38 0.0166667 0.0170779 0.0182421 0.0182421
39 0.0170576 0.0167734 0.0178714 0.0178714
40 0.080411 0.0766329 0.151615 0.151615
41 0.0486016 0.0486874 0.0494367 0.0494367
42 0.100076 0.103521 0.160115 0.160115
43 0.0311424 0.0312533 0.0323027 0.0323027
44 0.111362 0.10249 0.104099 0.104099
45 0.0757326 0.0760827 0.0621913 0.0621913
46 0.0728634 0.0827017 0.0640809 0.0640809
47 0.112383 0.100341 0.0885898 0.0885898
48 0.0464489 0.0522618 0.0515197 0.0515197
49 0.0586439 0.0534835 0.0668668 0.0668668
50 0.117405 0.125099 0.127774 0.127774
51 0.0449505 0.0458666 0.0435209 0.0435209
52 0.0514808 0.0553789 0.0557093 0.0557093
53 0.0459599 0.0446675 0.0584886 0.0584886
54 0.0599008 0.0450837 0.0570009 0.0570009
55 0.0533648 0.0505166 0.0602878 0.0602878
56 0.0504083 0.042108 0.0593533 0.0593533
57 0.0439174 0.060639 0.0694351 0.0694351
58 0.0504799 0.0192052 0.00960006 0.00960006
59 0.0546839 0.0533682 0.0624771 0.0624771
60 0.033388 0.0333403 0.0310941 0.0310941
61 0.0388629 0.0135198 0.0657558 0.0657558
62 0.0338418 0.033493 0.0370407 0.0370407
63 0.0451829 0.0400295 0.0309216 0.0309216
64 0.0822391 0.0534622 0.114368 0.114368
65 0.0909898 0.0655702 0.0674093 0.0674093
66 0.0751778 0.0832897 0.0786154 0.0786154
67 0.0563593 0.0568882 0.0416134 0.0416134
68 0.0529785 0.041326 0.0512915 0.0512915
69 0.0523036 0.065448 0.0841305 0.0841305
70 0.0806868 0.0809096 0.0722853 0.0722853
71 0.0707359 0.0821751 0.0711351 0.0711351
72 0.0556893 0.0618672 0.0758302 0.0758302
73 0.058455 0.0818071 0.0520241 0.0520241
74 0.0703701 0.0703701 0.0651755 0.0651755
75 0.0715214 0.0636421 0.0687875 0.0687875
76 0.0544089 0.0503774 0.0500488 0.0500488
77 0.0211154 0.0211154 0.0308721 0.0308721
78 0.0149333 0.0296531 0.0231169 0.0231169
79 0.0387064 0.0387064 0.0683002 0.0683002
80 0.0339884 0.0341997 0.036938 0.036938
81 0.0327364 0.0327364 0.0333792 0.0333792
82 0.120322 0.107427 0.0945949 0.0945949
83 0.0907142 0.080889 0.0993561 0.0993561
84 0.114189 0.0970813 0.109827 0.109827
85 0.0419574 0.0199644 0.0832298 0.0832298
86 0.0567953 0.0566533 0.056869 0.056869
87 0.0824875 0.0766544 0.0899709 0.0899709
88 0.0610931 0.0541574 0.0626158 0.0626158
89 0.0327854 0.032701 0.03268 0.03268
90 0.0189105 0.0192637 0.0356827 0.0356827
91 0.0677894 0.0673702 0.0609747 0.0609747
92 0.0474859 0.0395645 0.0500921 0.0500921
93 0.123318 0.137829 0.134456 0.134456
94 0.0366902 0.0415651 0.0379599 0.0379599
95 0.0648753 0.067541 0.0634814 0.0634814
96 0.069013 0.0667046 0.0674896 0.0674896
97 0.111532 0.065821 0.0551349 0.0551349
98 0.00134916 0.00104898 0.00494897 0.00494897
99 0.0415797 0.0396884 0.0828583 0.0828583
100 0.0613702 0.067657 0.0789606 0.0789606
101 0.0807721 0.0835335 0.119643 0.119643
102 0.0435384 0.0435384 0.082927 0.082927
103 0.0143752 0.00438473 0.021529 0.021529
104 0.0494361 0.0494361 0.0374371 0.0374371
105 0.0489129 0.0309696 0.0543034 0.0543034
106 0.0348492 0.025547 0.0345853 0.0345853
107 0.0475112 0.0465894 0.0595571 0.0595571
108 0.0396124 0.032683 0.0372038 0.0372038
109 0.0460857 0.0351339 0.0428609 0.0428609
110 0.066831 0.0720745 0.0818833 0.0818833
111 0.121589 0.108414 0.113108 0.113108
112 0.0390724 0.051022 0.0443418 0.0443418
113 0.0293722 0.0333877 0.0171472 0.0171472
114 0.0334463 0.0317697 0.0209225 0.0209225
115 0.112628 0.112621 0.107343 0.107343
116 0.0415315 0.0383228 0.0620734 0.0620734
117 0.041417 0.0490707 0.0345348 0.0345348
118 0.0222561 0.017912 0.0297632 0.0297632
119 0.048584 0.0519654 0.0371832 0.0371832
120 0.00663201 0.0258243 0.0250427 0.0250427
121 0.110801 0.112936 0.110457 0.110457
122 0.0689987 0.0645985 0.0637302 0.0637302
123 0.0747712 0.0722566 0.0819525 0.0819525
124 0.0531147 0.0284647 0.0547008 0.0547008
125 0.0749967 0.0706475 0.102842 0.102842
126 0.0650029 0.0827728 0.105578 0.105578
127 0.0513848 0.0406812 0.0469069 0.0469069
128 0.00458738 0.0128793 0.0212878 0.0212878
129 0.0701908 0.0906769 0.0735565 0.0735565
130 0.0389358 0.0440218 0.070648 0.070648
131 0.0664273 0.0687866 0.0722069 0.0722069
132 0.0563468 0.0429835 0.0468759 0.0468759
133 0.0375329 0.048577 0.0507933 0.0507933
134 0.0481178 0.0378017 0.0507469 0.0507469
135 0.00493915 0.00493915 0.0106683 0.0106683
136 0.0631439 0.0624702 0.0707325 0.0707325
137 0.0610668 0.0590651 0.0894781 0.0894781
138 0.0220651 0.0499887 0.0472351 0.0472351
139 0.0774782 0.078103 0.067723 0.067723
140 0.000447297 0.0141574 0.0122764 0.0122764
141 0.0202639 0.0115027 0.0140897 0.0140897
142 0.0705904 0.075031 0.063872 0.063872
143 0.122763 0.129175 0.150479 0.150479
144 0.0853868 0.0695742 0.0609579 0.0609579
145 0.054671 0.054671 0.0642267 0.0642267
146 0.013833 0.0155076 0.0188326 0.0188326
147 0.0852563 0.0852563 0.0910139 0.0910139
148 0.0760149 0.0766628 0.064942 0.064942
149 0.0621818 0.0586856 0.0530815 0.0530815
150 0.0610302 0.056388 0.0631614 0.0631614
151 0.0958494 0.0800196 0.106478 0.106478
152 0.0355734 0.0212137 0.0478073 0.0478073
153 0.0658274 0.0641931 0.0956447 0.0956447
154 0.0344852 0.0180793 0.0373905 0.0373905
155 0.0201939 0.020457 0.00968444 0.00968444
156 0.0514794 0.0413415 0.0457796 0.0457796
157 0.0480347 0.0635891 0.0659104 0.0659104
158 0.0142627 0.00352495 0.00610399 0.00610399
159 0.0474384 0.0471476 0.045929 0.045929
160 0.0375129 0.0375129 0.0552637 0.0552637
161 0.085667 0.0668358 0.0984404 0.0984404
162 0.0851362 0.0793896 0.106529 0.106529
163 0.0683767 0.0671342 0.0647221 0.0647221
164 0.0169184 0.0178415 0.0190121 0.0190121
165 0.0774723 0.0550445 0.0459591 0.0459591
166 0.0205674 0.0189964 0.0213208 0.0213208
167 0.069121 0.065331 0.0822911 0.0822911
168 0.0476235 0.0479341 0.048504 0.048504
169 0.0481915 0.0486906 0.0525448 0.0525448
170 0.033425 0.0333475 0.0323468 0.0323468
171 0.0880677 0.0880677 0.100254 0.100254
172 0.0543273 0.0818666 0.0335206 0.0335206
173 0.010179 0.000983898 0.0285994 0.0285994
174 0.0490723 0.0715473 0.0910252 0.0910252
175 0.0475156 0.0347442 0.0783144 0.0783144
176 0.0629843 0.050531 0.0689139 0.0689139
177 0.0180105 0.0166667 0.0167804 0.0167804
178 0.067438 0.0609277 0.0420329 0.0420329
179 0.0636232 0.0621238 0.0753569 0.0753569
180 0.0300495 0.0168504 0.0391879 0.0391879
181 0.0399119 0.0369259 0.0363268 0.0363268
182 0.0650755 0.0776787 0.103266 0.103266
183 0.12359 0.117679 0.122851 0.122851
184 0.0053348 0.0212968 0.0329026 0.0329026
185 0.063211 0.0623746 0.06832 0.06832
186 0.03479 0.0401334 0.0364919 0.0364919
187 0.0634519 0.0627125 0.0871293 0.0871293
188 0.0764548 0.0573546 0.0786342 0.0786342
189 0.0496969 0.0492556 0.0547511 0.0547511
190 0.0675071 0.023372 0.0375682 0.0375682
191 0.0801891 0.0856279 0.0873886 0.0873886
192 0.0958525 0.0371753 0.0625695 0.0625695
193 0.0268352 0.0212309 0.0519837 0.0519837
194 0.0284915 0.0386178 0.057137 0.057137
195 0.0518312 0.0455111 0.0737814 0.0737814
196 0.0862409 0.0520797 0.0949147 0.0949147
197 0.164877 0.145189 0.159526 0.159526
198 0.0628337 0.050028 0.0861921 0.0861921
199 0.0322408 0.0128446 0.0515779 0.0515779
200 0.031651 0.00518307 0.0403236 0.0403236
201 0.0613973 0.0475501 0.0848785 0.0848785
202 0.0475867 0.0479217 0.0262483 0.0262483
203 0.0295218 0.0295218 0.0451188 0.0451188
204 0.0581011 0.0695467 0.0396812 0.0396812
205 0.0277925 0.028215 0.0276534 0.0276534
206 0.0485157 0.0474534 0.0498135 0.0498135
207 0.0378065 0.0383205 0.0334004 0.0334004
208 0.0472617 0.0464268 0.0915002 0.0915002
209 0.119137 0.137322 0.0919853 0.0919853
210 0.0592149 0.0592149 0.0512957 0.0512957
211 0.072003 0.0412015 0.0557936 0.0557936
212 0.0339084 0.0432613 0.0437876 0.0437876
213 0.0478752 0.0436775 0.0449307 0.0449307
214 0.095502 0.116282 0.0990798 0.0990798
215 0.0315882 0.0315882 0.0575072 0.0575072
216 0.0766828 0.0766828 0.0988218 0.0988218
217 0.0164136 0.0166779 0.0168257 0.0168257
218 0.0695809 0.0691291 0.0872993 0.0872993
219 0.0660443 0.0510024 0.0577533 0.0577533
220 0.0550294 0.056458 0.0479684 0.0479684
221 0.111202 0.112402 0.0854569 0.0854569
222 0.0823983 0.0822892 0.0975539 0.0975539
223 0.0800808 0.0710897 0.063182 0.063182
224 0.0530478 0.0530478 0.0848778 0.0848778
225 0.018395 0.0166667 0.0166525 0.0166525
226 0.0964554 0.106216 0.0966033 0.0966033
227 0.0460845 0.0460845 0.0598287 0.0598287
228 0.0366232 0.0352094 0.0334796 0.0334796
229 0.0828987 0.074247 0.0838642 0.0838642
230 0.048207 0.0268655 0.0370011 0.0370011
231 0.0495701 0.0443185 0.0541354 0.0541354
232 0.0358502 0.0351866 0.048119 0.048119
233 0.0355955 0.0337863 0.0327406 0.0327406
234 0.0664973 0.0597304 0.121133 0.121133
235 0.0312866 0.0318058 0.0342352 0.0342352
236 0.0224391 0.0333335 0.0209714 0.0209714
237 0.0827328 0.0788306 0.0813057 0.0813057
238 0.0518076 0.053468 0.0890792 0.0890792
239 0.03687 0.0359968 0.0312742 0.0312742
240 0.0361594 0.0338562 0.0414379 0.0414379
241 0.112447 0.0988955 0.113779 0.113779
242 0.0398352 0.0224911 0.0510003 0.0510003
243 0.0170089 0.00382108 0.0243608 0.0243608
244 0.0323993 0.0323533 0.0328389 0.0328389
245 0.0457708 0.0403756 0.0514735 0.0514735
246 0.033427 0.0331872 0.0334011 0.0334011
247 0.0811622 0.0977897 0.0967629 0.0967629
248 0.0501924 0.0499831 0.0518162 0.0518162
249 0.0624355 0.0541811 0.0553547 0.0553547
250 0.078325 0.0522615 0.095952 0.095952
251 0.076976 0.0666793 0.0652446 0.0652446
252 0.0614379 0.0544462 0.0564557 0.0564557
253 0.0313632 0.0116205 0.0626552 0.0626552
254 0.0414203 0.0414203 0.0787993 0.0787993
255 0.0576549 0.0508223 0.0565402 0.0565402
256 0.0668511 0.0664099 0.064029 0.064029
257 0.0436161 0.0387061 0.0486718 0.0486718
258 0.0415029 0.0390628 0.0350945 0.0350945
259 0.058463 0.0580817 0.0725167 0.0725167
260 0.0767753 0.110092 0.111551 0.111551
261 0.0281691 0.0166615 0.0495986 0.0495986
262 0.0724702 0.0491623 0.0663678 0.0663678
263 0.0652618 0.0415955 0.0705169 0.0705169
264 0.0341846 0.000476027 0.00791942 0.00791942
265 0.106067 0.112245 0.0948699 0.0948699
266 0.102814 0.0960605 0.123684 0.123684
267 0.0516534 0.0475426 0.0497205 0.0497205
268 0.0540696 0.0378735 0.0437703 0.0437703
269 0.0734271 0.052055 0.0752862 0.0752862
270 0.0458631 0.0700915 0.0511474 0.0511474
271 0.0403108 0.0482157 0.0929613 0.0929613
272 0.055757 0.0558461 0.0530998 0.0530998
273 0.0388748 0.0324088 0.0446213 0.0446213
274 0.0627351 0.00331449 0.0435386 0.0435386
275 0.0904584 0.0894117 0.0946146 0.0946146
276 0.0910882 0.0665953 0.0917106 0.0917106
277 0.0221762 0.0221762 0.0696067 0.0696067
278 0.0351238 0.081961 0.0470296 0.0470296
279 0.0953168 0.0953168 0.0485612 0.0485612
280 0.0668349 0.066709 0.0580553 0.0580553
281 0.0522733 0.0374872 0.0498344 0.0498344
282 0.035722 0.0322183 0.0463451 0.0463451
283 0.0643671 0.0531513 0.0548642 0.0548642
284 0.0622752 0.0719351 0.0686955 0.0686955
285 0.0833333 0.0833333 0.0835628 0.0835628
286 0.0756288 0.0923502 0.08917 0.08917
287 0.0167968 0.0168501 0.018106 0.018106
288 0.0427725 0.0325642 0.0358697 0.0358697
289 0.0245647 0.0292812 0.0228579 0.0228579
290 0.0173518 0.0173518 0.0232304 0.0232304
291 0.100016 0.0733244 0.10635 0.10635
292 0.0203667 0.0165773 0.0203514 0.0203514
293 0.038456 0.0321185 0.0374945 0.0374945
294 0.0702342 0.0779883 0.0842853 0.0842853
295 0.0970679 0.0553428 0.0568784 0.0568784
296 0.055591 0.0539469 0.0895697 0.0895697
297 0.0693141 0.0641641 0.0773878 0.0773878
298 0.0671422 0.0610858 0.0715477 0.0715477
299 0.0270817 0.0300426 0.0314207 0.0314207
300 0.0630284 0.0694057 0.0641956 0.0641956
