1 0.0499895 0.051636 0.0534121 0.0534121
2 0.0534461 0.014454 0.0739788 0.0739788
3 0.035166 0.0336881 0.0448523 0.0448523
4 0.109703 0.117212 0.125742 0.125742
5 0.0550388 0.0360728 0.073589 0.073589
6 0.0536917 0.0346548 0.0724663 0.0724663
7 0.0810984 0.0700713 0.0835593 0.0835593
8 0.0176564 0.0247451 0.0390133 0.0390133
9 0.0817891 0.0689534 0.0757203 0.0757203
10 0.0604441 0.0876332 0.073139 0.073139
11 0.068781 0.0469542 0.0814545 0.0814545
12 0.0578775 0.0228878 0.0553858 0.0553858
13 0.0969409 0.0674335 0.0966446 0.0966446
14 0.0694347 0.0349794 0.0774679 0.0774679
15 0.053593 0.0377969 0.067769 0.067769
16 0.103465 0.082594 0.101909 0.101909
17 0.0364259 0.0199527 0.0563247 0.0563247
18 0.0754584 0.0620952 0.0752254 0.0752254
19 0.0441526 0.032551 0.0338861 0.0338861
20 0.0721852 0.0586886 0.0834576 0.0834576
21 0.0604931 0.0183225 0.0624446 0.0624446
22 0.051326 0.0433055 0.051644 0.051644
23 0.125531 0.0917644 0.135793 0.135793
24 0.0742423 0.0646376 0.0649855 0.0649855
25 0.0649938 0.0507221 0.0762765 0.0762765
26 0.0627093 0.0495031 0.0816901 0.0816901
27 0.0544447 0.0539501 0.0519108 0.0519108
28 0.0268111 0.0285401 0.0331821 0.0331821
29 0.0230011 0.020076 0.0288015 0.0288015
30 0.0797799 0.0772036 0.0854525 0.0854525
31 0.130902 0.080084 0.126146 0.126146
32 0.0829475 0.0671049 0.0905221 0.0905221
33 0.0568825 0.0638314 0.077307 0.077307
34 0.111431 0.0838867 0.113277 0.113277
35 0.0671088 0.06069 0.0707631 0.0707631
36 0.0883224 0.0916698 0.136325 0.136325
37 0.056718 0.0552315 0.0514661 0.0514661
38 0.0168943 0.0177813 0.0190851 0.0190851
39 0.022482 0.0165102 0.0204592 0.0204592
40 0.162379 0.138244 0.150201 0.150201
41 0.0474713 0.0484252 0.0547778 0.0547778
42 0.119336 0.0915627 0.132263 0.132263
43 0.0339123 0.0320237 0.0318212 0.0318212
44 0.104882 0.0718036 0.14796 0.14796
45 0.0668387 0.0334416 0.0781777 0.0781777
46 0.0652053 0.0836703 0.0938797 0.0938797
47 0.0952784 0.0585691 0.0948003 0.0948003
48 0.052416 0.0542758 0.059268 0.059268
49 0.0533323 0.0635277 0.0693819 0.0693819
50 0.127209 0.124415 0.12619 0.12619
51 0.0592446 0.0474513 0.0607976 0.0607976
52 0.0787146 0.0138941 0.0396221 0.0396221
53 0.0765037 0.0336781 0.083704 0.083704
54 0.0940416 0.0579632 0.112069 0.112069
55 0.0510671 0.0312186 0.0602151 0.0602151
56 0.0413875 0.0442776 0.0731712 0.0731712
57 0.0650816 0.0410299 0.0673957 0.0673957
58 0.0405921 0.00572281 0.029231 0.029231
59 0.0643917 0.061348 0.0687181 0.0687181
60 0.03719 0.0314068 0.0346305 0.0346305
61 0.0251914 0.0367398 0.0457648 0.0457648
62 0.0416133 0.0243129 0.0624061 0.0624061
63 0.0630619 0.0385825 0.0768116 0.0768116
64 0.0949072 0.122061 0.125105 0.125105
65 0.104123 0.0623948 0.0865411 0.0865411
66 0.0829323 0.0672144 0.0816415 0.0816415
67 0.0662063 0.0518688 0.0504532 0.0504532
68 0.0645648 0.0444064 0.0740624 0.0740624
69 0.0724967 0.0362213 0.073456 0.073456
70 0.0873929 0.0693213 0.0728695 0.0728695
71 0.0884938 0.0792279 0.0940972 0.0940972
72 0.0842298 0.0510796 0.0982359 0.0982359
73 0.0750733 0.0324991 0.0758533 0.0758533
74 0.0939142 0.0775288 0.0912132 0.0912132
75 0.0513157 0.0526724 0.0485985 0.0485985
76 0.0630905 0.033683 0.0675404 0.0675404
77 0.0249504 0.0318864 0.0338839 0.0338839
78 0.0229703 0.0159233 0.0257509 0.0257509
79 0.0406243 0.0374163 0.0972358 0.0972358
80 0.0732344 0.022435 0.0738748 0.0738748
81 0.0319851 0.0315959 0.0227714 0.0227714
82 0.0983273 0.0941842 0.112586 0.112586
83 0.157679 0.152463 0.101804 0.101804
84 0.102566 0.0908043 0.102543 0.102543
85 0.0709059 0.0208481 0.0726573 0.0726573
86 0.0528987 0.0508911 0.0534073 0.0534073
87 0.0996161 0.0859261 0.0896845 0.0896845
88 0.059286 0.0455411 0.0727441 0.0727441
89 0.0371443 0.0312626 0.0330706 0.0330706
90 0.0338388 0.0388803 0.0385298 0.0385298
91 0.0604457 0.0541277 0.0576394 0.0576394
92 0.0625969 0.0606387 0.083231 0.083231
93 0.118935 0.114285 0.149158 0.149158
94 0.0851543 0.040172 0.0635065 0.0635065
95 0.0522123 0.0491305 0.0588028 0.0588028
96 0.0693515 0.0408367 0.088119 0.088119
97 0.0954027 0.0517757 0.134964 0.134964
98 0.00634125 0.00115216 0.00790885 0.00790885
99 0.0966161 0.105806 0.0958148 0.0958148
100 0.0723925 0.0574866 0.0927387 0.0927387
101 0.118466 0.0704188 0.106723 0.106723
102 0.0704267 0.0412264 0.0672336 0.0672336
103 0.0147871 0.0053146 0.022053 0.022053
104 0.047277 0.0388835 0.0581011 0.0581011
105 0.0572197 0.0525343 0.0663355 0.0663355
106 0.0270298 0.00977136 0.0555227 0.0555227
107 0.0981947 0.0609289 0.106069 0.106069
108 0.0337505 0.0377804 0.0354398 0.0354398
109 0.0633302 0.0339466 0.0629969 0.0629969
110 0.0723531 0.0711346 0.0802491 0.0802491
111 0.103469 0.103469 0.107536 0.107536
112 0.0831565 0.0704091 0.0895402 0.0895402
113 0.0334561 0.0176514 0.0316769 0.0316769
114 0.0198394 0.0213375 0.0241559 0.0241559
115 0.113965 0.0824375 0.114686 0.114686
116 0.0509927 0.0202227 0.0916475 0.0916475
117 0.027497 0.0109497 0.0456996 0.0456996
118 0.0315388 0.0258784 0.033883 0.033883
119 0.0797672 0.0681954 0.0886222 0.0886222
120 0.0276045 0.00521689 0.0332771 0.0332771
121 0.114439 0.109741 0.111947 0.111947
122 0.0655166 0.0651276 0.0624593 0.0624593
123 0.0575021 0.0654496 0.0811487 0.0811487
124 0.049347 0.0364949 0.0633894 0.0633894
125 0.0887098 0.0594885 0.101104 0.101104
126 0.115086 0.0788877 0.10998 0.10998
127 0.0503948 0.035606 0.0653104 0.0653104
128 0.0237948 0.0225509 0.0407678 0.0407678
129 0.102994 0.0837709 0.0942673 0.0942673
130 0.0431894 0.034159 0.0815969 0.0815969
131 0.0979084 0.0580176 0.158986 0.158986
132 0.0975991 0.0569054 0.0855696 0.0855696
133 0.0521286 0.0437296 0.049833 0.049833
134 0.059795 0.0509842 0.066465 0.066465
135 0.0294071 0.00554803 0.0269566 0.0269566
136 0.0904967 0.0861601 0.0926701 0.0926701
137 0.088564 0.105125 0.0719411 0.0719411
138 0.0299982 0.0193773 0.0423565 0.0423565
139 0.063845 0.0771702 0.0673324 0.0673324
140 0.0432447 0.0304746 0.0703725 0.0703725
141 0.01918 0.0138819 0.0428277 0.0428277
142 0.0691378 0.0563455 0.0779413 0.0779413
143 0.143984 0.127635 0.150931 0.150931
144 0.0839501 0.0509272 0.0834599 0.0834599
145 0.057552 0.0641647 0.0640122 0.0640122
146 0.0332269 0.0095063 0.0397973 0.0397973
147 0.110002 0.0957813 0.111137 0.111137
148 0.0941444 0.0425642 0.110667 0.110667
149 0.0903228 0.0550272 0.0613092 0.0613092
150 0.0576859 0.0543502 0.0740074 0.0740074
151 0.0750658 0.102783 0.118025 0.118025
152 0.0603165 0.0214259 0.111554 0.111554
153 0.0807605 0.0638909 0.0889268 0.0889268
154 0.0428231 0.0342332 0.0487352 0.0487352
155 0.0154197 0.00715505 0.0175681 0.0175681
156 0.0559073 0.0499578 0.0509617 0.0509617
157 0.0623399 0.0616529 0.0597729 0.0597729
158 0.0170765 0.0162128 0.0180661 0.0180661
159 0.0525276 0.0457906 0.0472486 0.0472486
160 0.0534432 0.0328174 0.0815782 0.0815782
161 0.116385 0.103595 0.0961401 0.0961401
162 0.101087 0.0813943 0.0718321 0.0718321
163 0.0611295 0.0618424 0.0651398 0.0651398
164 0.0263349 0.0200975 0.0267699 0.0267699
165 0.0502813 0.0760423 0.0769995 0.0769995
166 0.0174609 0.0188364 0.0250227 0.0250227
167 0.0807076 0.0556203 0.0928615 0.0928615
168 0.0466705 0.0469529 0.0465997 0.0465997
169 0.0482089 0.0402098 0.0493531 0.0493531
170 0.0334661 0.0316731 0.039686 0.039686
171 0.072296 0.0716587 0.0985824 0.0985824
172 0.0816267 0.0527521 0.0664339 0.0664339
173 0.0410157 0.0186255 0.069956 0.069956
174 0.112062 0.0593689 0.122982 0.122982
175 0.0782706 0.0890865 0.108149 0.108149
176 0.0537434 0.0592637 0.0634627 0.0634627
177 0.0183005 0.0166653 0.017228 0.017228
178 0.0723414 0.0479815 0.0710515 0.0710515
179 0.0652496 0.0643741 0.0681117 0.0681117
180 0.0313609 0.0150858 0.0245633 0.0245633
181 0.0605577 0.0329141 0.0616783 0.0616783
182 0.0921793 0.0522585 0.102072 0.102072
183 0.141735 0.122594 0.138732 0.138732
184 0.0482603 0.0154816 0.0668892 0.0668892
185 0.0688447 0.0595722 0.0758028 0.0758028
186 0.0380485 0.0280895 0.0514523 0.0514523
187 0.071663 0.0612073 0.0664443 0.0664443
188 0.125096 0.0604356 0.102897 0.102897
189 0.0771734 0.0536654 0.078762 0.078762
190 0.0490357 0.023206 0.0580557 0.0580557
191 0.0954416 0.101073 0.0901701 0.0901701
192 0.0734159 0.0787829 0.0689019 0.0689019
193 0.0522895 0.0400874 0.0567239 0.0567239
194 0.0415397 0.0384683 0.0609852 0.0609852
195 0.0795654 0.0688987 0.0836392 0.0836392
196 0.0498407 0.0484433 0.067023 0.067023
197 0.145271 0.0886359 0.158689 0.158689
198 0.0966643 0.0555458 0.0941867 0.0941867
199 0.0360184 0.0373257 0.0567845 0.0567845
200 0.0360104 0.016509 0.030043 0.030043
201 0.039819 0.0432739 0.0568393 0.0568393
202 0.0615136 0.0356548 0.0700344 0.0700344
203 0.0362836 0.0151878 0.0469104 0.0469104
204 0.0688049 0.030549 0.0661307 0.0661307
205 0.0425308 0.0169848 0.0570593 0.0570593
206 0.0419852 0.0419852 0.0484704 0.0484704
207 0.0481072 0.0268275 0.0448822 0.0448822
208 0.115477 0.0552267 0.0680694 0.0680694
209 0.0954554 0.0932509 0.104986 0.104986
210 0.0673677 0.050271 0.0678064 0.0678064
211 0.0526605 0.0367813 0.0569993 0.0569993
212 0.0394448 0.0407013 0.0436199 0.0436199
213 0.0476821 0.0355886 0.0497984 0.0497984
214 0.111656 0.0694498 0.118533 0.118533
215 0.0528594 0.0169275 0.0541111 0.0541111
216 0.0973764 0.0767933 0.100763 0.100763
217 0.0171721 0.00332506 0.0191852 0.0191852
218 0.0855069 0.05373 0.092921 0.092921
219 0.0635848 0.0627345 0.0677227 0.0677227
220 0.0497036 0.047992 0.0511032 0.0511032
221 0.0980593 0.0694617 0.103782 0.103782
222 0.100354 0.0552473 0.0847839 0.0847839
223 0.0726585 0.0651727 0.0639591 0.0639591
224 0.0810307 0.0830457 0.071151 0.071151
225 0.0177289 0.0100149 0.0165072 0.0165072
226 0.120955 0.10443 0.0982646 0.0982646
227 0.0644741 0.0336199 0.0581838 0.0581838
228 0.0344079 0.0315126 0.0337945 0.0337945
229 0.0858502 0.0762458 0.0830583 0.0830583
230 0.031038 0.0344671 0.0471507 0.0471507
231 0.063194 0.0478012 0.0674452 0.0674452
232 0.0588874 0.0349406 0.0584983 0.0584983
233 0.0524942 0.0325447 0.0480692 0.0480692
234 0.076068 0.0697374 0.133711 0.133711
235 0.0342731 0.0333442 0.0355533 0.0355533
236 0.0342925 0.0290792 0.0411157 0.0411157
237 0.0652067 0.0740569 0.0782754 0.0782754
238 0.0566215 0.0577247 0.0777958 0.0777958
239 0.049502 0.0421226 0.0483864 0.0483864
240 0.0337764 0.0331899 0.0591178 0.0591178
241 0.106185 0.0938759 0.118375 0.118375
242 0.0382322 0.0280414 0.0542624 0.0542624
243 0.0459682 0.0225456 0.0730554 0.0730554
244 0.0325369 0.0317591 0.03542 0.03542
245 0.0406427 0.0411102 0.0612729 0.0612729
246 0.0351889 0.0318454 0.0376383 0.0376383
247 0.0771667 0.0561311 0.111378 0.111378
248 0.0546346 0.0486233 0.0656672 0.0656672
249 0.115664 0.0788935 0.10453 0.10453
250 0.108781 0.0392049 0.10285 0.10285
251 0.0857534 0.0648503 0.0877863 0.0877863
252 0.078254 0.060168 0.0773666 0.0773666
253 0.0583148 0.0176696 0.0594141 0.0594141
254 0.0676803 0.064425 0.0826456 0.0826456
255 0.0727753 0.0519284 0.0653077 0.0653077
256 0.0671539 0.0563147 0.0726453 0.0726453
257 0.0390902 0.0209021 0.0485563 0.0485563
258 0.0296523 0.0365419 0.0402025 0.0402025
259 0.0572067 0.0461744 0.062675 0.062675
260 0.129072 0.116667 0.107771 0.107771
261 0.0553703 0.0391547 0.0814035 0.0814035
262 0.0922779 0.0518666 0.113198 0.113198
263 0.0887396 0.0592945 0.0907083 0.0907083
264 0.0282378 0.0335554 0.042877 0.042877
265 0.108413 0.10385 0.112614 0.112614
266 0.132232 0.10023 0.125826 0.125826
267 0.052194 0.047526 0.0538473 0.0538473
268 0.0725728 0.0636935 0.0783266 0.0783266
269 0.0828797 0.0631911 0.0914869 0.0914869
270 0.0451348 0.0450945 0.0612326 0.0612326
271 0.0565577 0.0461588 0.064992 0.064992
272 0.0485436 0.035383 0.0490837 0.0490837
273 0.0337194 0.0346866 0.0396242 0.0396242
274 0.0569269 0.0289152 0.0562322 0.0562322
275 0.0809588 0.0697508 0.0903587 0.0903587
276 0.0918777 0.0711517 0.0810799 0.0810799
277 0.041253 0.0351985 0.0600658 0.0600658
278 0.0498996 0.0314293 0.04584 0.04584
279 0.0964204 0.066102 0.0740916 0.0740916
280 0.0689501 0.0685783 0.0531179 0.0531179
281 0.07849 0.0503932 0.0790998 0.0790998
282 0.040496 0.0455681 0.0395238 0.0395238
283 0.0641143 0.0632012 0.0771722 0.0771722
284 0.116672 0.0766839 0.0840581 0.0840581
285 0.0782222 0.0781886 0.0826816 0.0826816
286 0.0964273 0.0843672 0.0854967 0.0854967
287 0.0209192 0.0179695 0.0255695 0.0255695
288 0.0517448 0.0345186 0.0473717 0.0473717
289 0.033828 0.0336541 0.0511814 0.0511814
290 0.0255617 0.0171631 0.0158503 0.0158503
291 0.088049 0.0787092 0.111965 0.111965
292 0.0186683 0.0170221 0.0182999 0.0182999
293 0.0412746 0.032716 0.040622 0.040622
294 0.080459 0.0715804 0.0854791 0.0854791
295 0.0787132 0.0887802 0.111486 0.111486
296 0.0840596 0.0649218 0.0986068 0.0986068
297 0.102915 0.067112 0.0848678 0.0848678
298 0.0722895 0.0610069 0.0690334 0.0690334
299 0.0325457 0.0289464 0.0325096 0.0325096
300 0.0644071 0.0611824 0.076169 0.076169
