1 0.0533499 0.051636 0.0546618 0.0546618
2 0.0827533 0.0172676 0.0846401 0.0846401
3 0.048887 0.0336881 0.0448523 0.0448523
4 0.127263 0.143126 0.135443 0.135443
5 0.0550388 0.0360728 0.0942582 0.0942582
6 0.0561253 0.0521714 0.0757924 0.0757924
7 0.0884783 0.0700713 0.0835593 0.0835593
8 0.0486728 0.0247451 0.0390133 0.0390133
9 0.0817891 0.0749299 0.0839665 0.0839665
10 0.0604441 0.0876332 0.073139 0.073139
11 0.074612 0.0469542 0.105792 0.105792
12 0.0842473 0.0359394 0.0553858 0.0553858
13 0.114471 0.0768011 0.131723 0.131723
14 0.0832527 0.038302 0.0774679 0.0774679
15 0.0821266 0.0779513 0.0818793 0.0818793
16 0.117416 0.09686 0.101909 0.101909
17 0.0364259 0.0206877 0.0563247 0.0563247
18 0.0805509 0.0688222 0.0752254 0.0752254
19 0.0463289 0.034532 0.0339602 0.0339602
20 0.0726942 0.0586886 0.0855735 0.0855735
21 0.0631702 0.0286121 0.105268 0.105268
22 0.051326 0.0554818 0.051644 0.051644
23 0.125531 0.118191 0.15579 0.15579
24 0.0742423 0.0646792 0.0649855 0.0649855
25 0.0649938 0.0673542 0.0987594 0.0987594
26 0.0694767 0.0532537 0.0816901 0.0816901
27 0.0603907 0.0559929 0.0760379 0.0760379
28 0.0384466 0.0359598 0.0334723 0.0334723
29 0.031366 0.0203052 0.029914 0.029914
30 0.0909639 0.0853589 0.0854525 0.0854525
31 0.131403 0.0924935 0.138992 0.138992
32 0.0829475 0.0886395 0.0905221 0.0905221
33 0.0829066 0.0638314 0.0843706 0.0843706
34 0.134304 0.116454 0.118946 0.118946
35 0.0693472 0.06069 0.0722919 0.0722919
36 0.0883224 0.0916698 0.14438 0.14438
37 0.0603952 0.0565873 0.0514661 0.0514661
38 0.018824 0.0177813 0.0199519 0.0199519
39 0.024904 0.0224779 0.0272405 0.0272405
40 0.164612 0.140743 0.169278 0.169278
41 0.0524728 0.0534492 0.0559185 0.0559185
42 0.119471 0.111982 0.132263 0.132263
43 0.0339164 0.0321467 0.0349938 0.0349938
44 0.117391 0.0718036 0.160755 0.160755
45 0.0668387 0.081244 0.0785394 0.0785394
46 0.102782 0.0836703 0.0984425 0.0984425
47 0.0952784 0.0668955 0.0948003 0.0948003
48 0.059425 0.059425 0.059268 0.059268
49 0.0720299 0.0658397 0.0961217 0.0961217
50 0.128462 0.126294 0.12619 0.12619
51 0.0592446 0.0624675 0.0659074 0.0659074
52 0.0880182 0.0140073 0.067776 0.067776
53 0.0765037 0.0908219 0.127251 0.127251
54 0.0940416 0.0591977 0.113583 0.113583
55 0.0510671 0.033588 0.0602151 0.0602151
56 0.0608335 0.0442776 0.0731712 0.0731712
57 0.0650816 0.0512395 0.0734201 0.0734201
58 0.046623 0.00795092 0.029231 0.029231
59 0.0710413 0.0627248 0.0714555 0.0714555
60 0.0384127 0.0322213 0.0367895 0.0367895
61 0.0533618 0.040981 0.0457648 0.0457648
62 0.0885461 0.0244176 0.0624061 0.0624061
63 0.0715583 0.0418623 0.0791767 0.0791767
64 0.113767 0.122512 0.125105 0.125105
65 0.104123 0.0838347 0.14017 0.14017
66 0.0836527 0.06871 0.0816415 0.0816415
67 0.0668438 0.0714076 0.0593784 0.0593784
68 0.080335 0.0444064 0.0835948 0.0835948
69 0.0867333 0.0388817 0.073456 0.073456
70 0.0977148 0.0716875 0.0728695 0.0728695
71 0.0962409 0.0917708 0.0940972 0.0940972
72 0.0976308 0.0538774 0.0982359 0.0982359
73 0.0812512 0.0495536 0.114192 0.114192
74 0.114314 0.0775288 0.0912132 0.0912132
75 0.0574442 0.0526724 0.0657951 0.0657951
76 0.0772638 0.0426312 0.0833727 0.0833727
77 0.0282003 0.0331692 0.0338839 0.0338839
78 0.0229703 0.0159233 0.0331141 0.0331141
79 0.0634928 0.0374163 0.0972358 0.0972358
80 0.0732344 0.0390434 0.0738748 0.0738748
81 0.0322274 0.0315959 0.0227714 0.0227714
82 0.0983273 0.109103 0.112586 0.112586
83 0.161173 0.152463 0.162624 0.162624
84 0.109058 0.0960119 0.104324 0.104324
85 0.0759646 0.0563039 0.0806648 0.0806648
86 0.0553253 0.0508911 0.056106 0.056106
87 0.0997984 0.0900386 0.0896845 0.0896845
88 0.0622467 0.0511762 0.119388 0.119388
89 0.046973 0.0321259 0.0330706 0.0330706
90 0.0338388 0.041029 0.0407454 0.0407454
91 0.0632039 0.0621912 0.0576394 0.0576394
92 0.0719133 0.0621307 0.0939127 0.0939127
93 0.132079 0.129889 0.149158 0.149158
94 0.103514 0.0990936 0.0635065 0.0635065
95 0.0522123 0.0491305 0.0664374 0.0664374
96 0.0693515 0.0486737 0.0914959 0.0914959
97 0.0954027 0.0822327 0.137044 0.137044
98 0.0106625 0.00352299 0.00790885 0.00790885
99 0.0966161 0.107368 0.102894 0.102894
100 0.099563 0.109741 0.107437 0.107437
101 0.14006 0.0963694 0.171168 0.171168
102 0.0704267 0.0528682 0.0672336 0.0672336
103 0.031186 0.00624875 0.0521933 0.0521933
104 0.047277 0.0580507 0.0605017 0.0605017
105 0.0572197 0.0562635 0.0707783 0.0707783
106 0.034765 0.0586182 0.0555227 0.0555227
107 0.0981947 0.0609289 0.124295 0.124295
108 0.0377147 0.0377804 0.0396752 0.0396752
109 0.0717415 0.0687324 0.0629969 0.0629969
110 0.0726975 0.0715423 0.0802491 0.0802491
111 0.103469 0.103469 0.107536 0.107536
112 0.149321 0.0710848 0.110989 0.110989
113 0.0418842 0.103117 0.0316769 0.0316769
114 0.0322607 0.0220664 0.0241559 0.0241559
115 0.113965 0.10143 0.116964 0.116964
116 0.0548864 0.0416933 0.096191 0.096191
117 0.027497 0.0109497 0.0456996 0.0456996
118 0.0501875 0.0258784 0.0441615 0.0441615
119 0.0797672 0.0882213 0.0886222 0.0886222
120 0.0276045 0.0135458 0.0332771 0.0332771
121 0.127456 0.116158 0.111947 0.111947
122 0.0740638 0.0655934 0.0653627 0.0653627
123 0.076273 0.0654496 0.103895 0.103895
124 0.049347 0.0364949 0.0633894 0.0633894
125 0.0951793 0.06577 0.173417 0.173417
126 0.120622 0.106476 0.16131 0.16131
127 0.0557261 0.040656 0.0653104 0.0653104
128 0.0258307 0.0280455 0.0407678 0.0407678
129 0.137651 0.113201 0.0942673 0.0942673
130 0.052762 0.0493923 0.0970132 0.0970132
131 0.126166 0.0663753 0.158986 0.158986
132 0.098483 0.0638897 0.0892118 0.0892118
133 0.0521353 0.0501466 0.0568634 0.0568634
134 0.059795 0.0629586 0.066465 0.066465
135 0.0294071 0.0100866 0.0269566 0.0269566
136 0.0904967 0.0880735 0.0926701 0.0926701
137 0.143478 0.107237 0.104355 0.104355
138 0.0607464 0.0193773 0.0531172 0.0531172
139 0.063845 0.0774201 0.0673324 0.0673324
140 0.0459045 0.0566771 0.0777136 0.0777136
141 0.0384132 0.0252014 0.0550549 0.0550549
142 0.0721154 0.0773402 0.0799279 0.0799279
143 0.181548 0.135944 0.188586 0.188586
144 0.0839501 0.0509272 0.0834599 0.0834599
145 0.057552 0.0642996 0.066372 0.066372
146 0.0398142 0.00990186 0.0397973 0.0397973
147 0.110002 0.0957813 0.111137 0.111137
148 0.098556 0.0950686 0.155305 0.155305
149 0.0963184 0.0551134 0.0673638 0.0673638
150 0.064868 0.0543502 0.0740074 0.0740074
151 0.0750658 0.117311 0.120615 0.120615
152 0.114839 0.0931719 0.111554 0.111554
153 0.0807605 0.0643943 0.0979245 0.0979245
154 0.0428231 0.0395125 0.0487352 0.0487352
155 0.0154197 0.0154197 0.0176406 0.0176406
156 0.0629818 0.0548184 0.0524261 0.0524261
157 0.0632547 0.064434 0.0597729 0.0597729
158 0.0173915 0.017127 0.0180661 0.0180661
159 0.0583687 0.0457906 0.0472486 0.0472486
160 0.0534432 0.0435771 0.0815782 0.0815782
161 0.116385 0.103595 0.105886 0.105886
162 0.101087 0.0855597 0.10641 0.10641
163 0.0611295 0.063248 0.0655829 0.0655829
164 0.0314287 0.0200975 0.0273327 0.0273327
165 0.0622569 0.0833037 0.086867 0.086867
166 0.0174609 0.0232803 0.0250227 0.0250227
167 0.106187 0.0602526 0.103369 0.103369
168 0.0487588 0.0478078 0.0502192 0.0502192
169 0.0482089 0.0473537 0.0561246 0.0561246
170 0.0356308 0.0328917 0.0417903 0.0417903
171 0.072296 0.0716587 0.101961 0.101961
172 0.0880479 0.0610732 0.0694242 0.0694242
173 0.0533901 0.0373885 0.0943794 0.0943794
174 0.113246 0.0660793 0.122982 0.122982
175 0.10046 0.0955205 0.108149 0.108149
176 0.064171 0.0592637 0.0634627 0.0634627
177 0.018351 0.0174863 0.017228 0.017228
178 0.0723847 0.0600258 0.0710515 0.0710515
179 0.0734527 0.0693884 0.0681117 0.0681117
180 0.0384494 0.0205894 0.0258903 0.0258903
181 0.0605577 0.0329141 0.0616783 0.0616783
182 0.0947472 0.0701196 0.102072 0.102072
183 0.16118 0.143708 0.140413 0.140413
184 0.0499816 0.0154816 0.0678255 0.0678255
185 0.0688447 0.0670019 0.0842807 0.0842807
186 0.0380485 0.0280895 0.0514523 0.0514523
187 0.071663 0.0612073 0.0766558 0.0766558
188 0.125096 0.0672806 0.123123 0.123123
189 0.0963684 0.0678252 0.078762 0.078762
190 0.0607954 0.0486111 0.0580557 0.0580557
191 0.0983414 0.101073 0.10531 0.10531
192 0.0734159 0.0978515 0.0689019 0.0689019
193 0.0522895 0.0439065 0.0698155 0.0698155
194 0.047667 0.0496491 0.0620208 0.0620208
195 0.0930787 0.0783259 0.0836392 0.0836392
196 0.0498407 0.0484433 0.127614 0.127614
197 0.145271 0.135175 0.158689 0.158689
198 0.116429 0.0607221 0.135264 0.135264
199 0.0603957 0.0398859 0.0932884 0.0932884
200 0.0360104 0.016509 0.0362921 0.0362921
201 0.039819 0.0432739 0.0568393 0.0568393
202 0.0615136 0.0356548 0.0700344 0.0700344
203 0.0362836 0.0331434 0.0488995 0.0488995
204 0.0688049 0.036943 0.0865328 0.0865328
205 0.0691616 0.0265005 0.0570593 0.0570593
206 0.0419852 0.0419852 0.0506905 0.0506905
207 0.0546645 0.0276549 0.0448822 0.0448822
208 0.122486 0.114136 0.105664 0.105664
209 0.115482 0.0975993 0.104986 0.104986
210 0.0673677 0.0573838 0.0678064 0.0678064
211 0.0537291 0.0367813 0.0926944 0.0926944
212 0.0411623 0.0438061 0.0436199 0.0436199
213 0.0476821 0.0355886 0.0538576 0.0538576
214 0.111656 0.0883541 0.130648 0.130648
215 0.0528594 0.0188414 0.0627065 0.0627065
216 0.101989 0.0767933 0.100763 0.100763
217 0.0171721 0.00429936 0.0252819 0.0252819
218 0.0855069 0.05373 0.0997699 0.0997699
219 0.068122 0.0697663 0.0740814 0.0740814
220 0.05256 0.0510661 0.0511032 0.0511032
221 0.122958 0.103901 0.121273 0.121273
222 0.103157 0.102284 0.0847839 0.0847839
223 0.0726585 0.0960591 0.072635 0.072635
224 0.0878711 0.107942 0.071151 0.071151
225 0.0179243 0.0171995 0.0230954 0.0230954
226 0.136366 0.124463 0.137221 0.137221
227 0.0644741 0.0368377 0.0641797 0.0641797
228 0.0362904 0.0315126 0.0337945 0.0337945
229 0.0858502 0.0771174 0.090054 0.090054
230 0.0486374 0.0356638 0.0471507 0.0471507
231 0.063194 0.051133 0.0674452 0.0674452
232 0.0676506 0.0608881 0.061392 0.061392
233 0.0542725 0.0341936 0.0745923 0.0745923
234 0.076068 0.128558 0.133711 0.133711
235 0.0359006 0.0337737 0.0355533 0.0355533
236 0.0342925 0.0349977 0.0418767 0.0418767
237 0.0798805 0.0740569 0.0782754 0.0782754
238 0.0683931 0.0603137 0.0777958 0.0777958
239 0.0517432 0.042331 0.0483864 0.0483864
240 0.0387135 0.0355351 0.0600287 0.0600287
241 0.111432 0.0938759 0.119021 0.119021
242 0.0404818 0.0402976 0.0542624 0.0542624
243 0.0459682 0.0272097 0.0730554 0.0730554
244 0.0332173 0.031769 0.0355993 0.0355993
245 0.0406427 0.0411102 0.0725316 0.0725316
246 0.0372893 0.0366898 0.0420824 0.0420824
247 0.0889763 0.0561311 0.111378 0.111378
248 0.0546346 0.0546346 0.0779826 0.0779826
249 0.115944 0.107747 0.10453 0.10453
250 0.108781 0.0684553 0.10285 0.10285
251 0.0935473 0.0720764 0.0887986 0.0887986
252 0.0800321 0.060168 0.083649 0.083649
253 0.0583148 0.0253084 0.0594141 0.0594141
254 0.0808695 0.064425 0.0826456 0.0826456
255 0.082062 0.0720872 0.0653077 0.0653077
256 0.0696936 0.0700147 0.0847045 0.0847045
257 0.0509717 0.0414869 0.0745385 0.0745385
258 0.0336046 0.0378321 0.0625387 0.0625387
259 0.0625272 0.0505642 0.0752126 0.0752126
260 0.129072 0.116667 0.132541 0.132541
261 0.0633541 0.0480476 0.0814035 0.0814035
262 0.122123 0.0674389 0.123213 0.123213
263 0.0887396 0.0698369 0.0997402 0.0997402
264 0.0364005 0.117213 0.042877 0.042877
265 0.115429 0.113522 0.112614 0.112614
266 0.132232 0.111228 0.125826 0.125826
267 0.0546845 0.0486189 0.0557433 0.0557433
268 0.0778033 0.0691237 0.0858219 0.0858219
269 0.0984075 0.0728135 0.0961452 0.0961452
270 0.0503103 0.050793 0.0612326 0.0612326
271 0.0606072 0.0563361 0.0824337 0.0824337
272 0.0485436 0.037154 0.0490837 0.0490837
273 0.0369365 0.037257 0.0396242 0.0396242
274 0.0600039 0.0497002 0.0588432 0.0588432
275 0.084458 0.072396 0.0922773 0.0922773
276 0.0968815 0.079394 0.0902633 0.0902633
277 0.041253 0.040521 0.063091 0.063091
278 0.0811649 0.0365772 0.04584 0.04584
279 0.0971246 0.0706033 0.0740916 0.0740916
280 0.0689501 0.0689501 0.108032 0.108032
281 0.07849 0.0593181 0.0913249 0.0913249
282 0.0498345 0.0467612 0.0478914 0.0478914
283 0.0697924 0.0788869 0.0902588 0.0902588
284 0.116927 0.108766 0.0856696 0.0856696
285 0.0825276 0.0826948 0.0837965 0.0837965
286 0.0980108 0.0903362 0.0945609 0.0945609
287 0.0290981 0.0179695 0.0255695 0.0255695
288 0.0565798 0.0371099 0.0599623 0.0599623
289 0.052519 0.0377288 0.067425 0.067425
290 0.0260976 0.0174716 0.0479902 0.0479902
291 0.0935137 0.0821576 0.122859 0.122859
292 0.0186683 0.0180115 0.0254925 0.0254925
293 0.0419199 0.0328856 0.0411173 0.0411173
294 0.080459 0.076131 0.0854791 0.0854791
295 0.101876 0.0892829 0.111486 0.111486
296 0.0892784 0.0653361 0.0986068 0.0986068
297 0.102994 0.067112 0.0904488 0.0904488
298 0.0722895 0.0610069 0.0742875 0.0742875
299 0.0325457 0.0291843 0.0325096 0.0325096
300 0.0815519 0.0892258 0.076169 0.076169
