1 0.0554505 0.0501364 0.0547293 0.0547293
2 0.0424587 0.0182067 0.0600398 0.0600398
3 0.0398989 0.0335754 0.0406205 0.0406205
4 0.145403 0.111636 0.130059 0.130059
5 0.0591387 0.0415717 0.0724138 0.0724138
6 0.0667054 0.034468 0.0675896 0.0675896
7 0.0971399 0.0948905 0.102103 0.102103
8 0.0346679 0.0425241 0.0388861 0.0388861
9 0.0842582 0.0786104 0.0848962 0.0848962
10 0.097149 0.0816945 0.0988574 0.0988574
11 0.071566 0.0520784 0.0619404 0.0619404
12 0.0303969 0.071571 0.0446218 0.0446218
13 0.0809862 0.0608541 0.105364 0.105364
14 0.0599378 0.0512803 0.0820393 0.0820393
15 0.0717283 0.0723151 0.0503767 0.0503767
16 0.098372 0.0957006 0.102269 0.102269
17 0.0160042 0.00200701 0.0246492 0.0246492
18 0.0729004 0.0773672 0.076501 0.076501
19 0.0414188 0.0351413 0.0343604 0.0343604
20 0.0584788 0.0536114 0.0629651 0.0629651
21 0.0418568 0.0296012 0.0672836 0.0672836
22 0.0732563 0.0692074 0.0739593 0.0739593
23 0.135627 0.108044 0.146237 0.146237
24 0.064976 0.0508447 0.0655387 0.0655387
25 0.058807 0.0407058 0.0901968 0.0901968
26 0.0564038 0.0503592 0.0671597 0.0671597
27 0.0410973 0.0412105 0.0547945 0.0547945
28 0.0334708 0.0435772 0.0311207 0.0311207
29 0.0276946 0.0215732 0.0227807 0.0227807
30 0.0779382 0.0790201 0.0818151 0.0818151
31 0.091546 0.0712526 0.12294 0.12294
32 0.0803034 0.0856422 0.102292 0.102292
33 0.0483518 0.0713342 0.0804992 0.0804992
34 0.114612 0.117743 0.114311 0.114311
35 0.0656378 0.0670579 0.0658374 0.0658374
36 0.134135 0.0792108 0.12624 0.12624
37 0.0521676 0.0547854 0.0531934 0.0531934
38 0.0142503 0.0182805 0.0188071 0.0188071
39 0.0234634 0.0202489 0.0266878 0.0266878
40 0.12173 0.105133 0.156847 0.156847
41 0.0515157 0.0483345 0.0504109 0.0504109
42 0.111325 0.101413 0.124782 0.124782
43 0.03195 0.0317427 0.0331391 0.0331391
44 0.10569 0.106897 0.135461 0.135461
45 0.0748384 0.0503692 0.0836124 0.0836124
46 0.074271 0.0825849 0.0881751 0.0881751
47 0.0880502 0.0744546 0.0887238 0.0887238
48 0.0636098 0.0636098 0.0619161 0.0619161
49 0.0641983 0.0491404 0.0875991 0.0875991
50 0.120794 0.127255 0.130117 0.130117
51 0.0383418 0.0383418 0.059623 0.059623
52 0.0259907 0.0463939 0.0447296 0.0447296
53 0.0885785 0.0342945 0.125402 0.125402
54 0.0664113 0.0559858 0.0812319 0.0812319
55 0.043932 0.0275495 0.0477121 0.0477121
56 0.0568357 0.028892 0.0579659 0.0579659
57 0.0839384 0.0679098 0.0681524 0.0681524
58 0.0432758 0.0162133 0.0231134 0.0231134
59 0.0591194 0.0599804 0.0532113 0.0532113
60 0.0346303 0.03294 0.0352127 0.0352127
61 0.0619512 0.0154269 0.0412124 0.0412124
62 0.0265555 0.0358032 0.0431336 0.0431336
63 0.0751582 0.040593 0.0473569 0.0473569
64 0.0991317 0.0644718 0.0987944 0.0987944
65 0.101193 0.101193 0.115007 0.115007
66 0.0753064 0.0701049 0.0835467 0.0835467
67 0.0555792 0.0477142 0.0731609 0.0731609
68 0.0613159 0.0580757 0.0778073 0.0778073
69 0.0495867 0.0602809 0.0636043 0.0636043
70 0.0814868 0.0891935 0.0769946 0.0769946
71 0.0849895 0.0655741 0.0672332 0.0672332
72 0.0704795 0.07304 0.120421 0.120421
73 0.0559736 0.0555981 0.0604454 0.0604454
74 0.0849866 0.0774133 0.0901162 0.0901162
75 0.0534938 0.0534938 0.0716264 0.0716264
76 0.0667448 0.0586159 0.0665249 0.0665249
77 0.0247819 0.0194314 0.0368082 0.0368082
78 0.0295266 0.0111708 0.0250418 0.0250418
79 0.0448539 0.0528178 0.0605466 0.0605466
80 0.0394031 0.0317762 0.0551265 0.0551265
81 0.0316575 0.0316575 0.0291035 0.0291035
82 0.0996253 0.100826 0.109557 0.109557
83 0.0892535 0.0889516 0.170241 0.170241
84 0.108895 0.116457 0.109373 0.109373
85 0.115003 0.0384654 0.0586621 0.0586621
86 0.0548831 0.046121 0.0554302 0.0554302
87 0.0980969 0.0894674 0.0902087 0.0902087
88 0.0505184 0.0498159 0.0654483 0.0654483
89 0.0375185 0.0326094 0.0405915 0.0405915
90 0.0283608 0.0332888 0.0357053 0.0357053
91 0.0640335 0.059013 0.0627655 0.0627655
92 0.0472972 0.0523057 0.0764206 0.0764206
93 0.139335 0.138871 0.156406 0.156406
94 0.0708814 0.118064 0.0575061 0.0575061
95 0.0563881 0.0618059 0.0597927 0.0597927
96 0.0685663 0.052532 0.0895567 0.0895567
97 0.0640295 0.0488178 0.123962 0.123962
98 0.00408862 0.0032921 0.00782591 0.00782591
99 0.0940951 0.055796 0.0955897 0.0955897
100 0.110672 0.0583701 0.0831498 0.0831498
101 0.0712049 0.0741714 0.139405 0.139405
102 0.0509866 0.0391881 0.0857016 0.0857016
103 0.0115236 0.0120697 0.0677053 0.0677053
104 0.0542756 0.0490507 0.0575315 0.0575315
105 0.0518063 0.0522395 0.0532505 0.0532505
106 0.0181921 0.0287703 0.0378747 0.0378747
107 0.0856386 0.0591274 0.0907701 0.0907701
108 0.0434705 0.0345887 0.0439265 0.0439265
109 0.0555006 0.0639942 0.0549608 0.0549608
110 0.0810277 0.0770587 0.0787026 0.0787026
111 0.103308 0.104551 0.114142 0.114142
112 0.076718 0.115667 0.0742211 0.0742211
113 0.0284525 0.10309 0.0209338 0.0209338
114 0.0308034 0.0356013 0.0121491 0.0121491
115 0.111021 0.105587 0.114318 0.114318
116 0.055136 0.0390073 0.0844997 0.0844997
117 0.0121552 0.00660561 0.0473267 0.0473267
118 0.0228583 0.0117652 0.0349348 0.0349348
119 0.0714625 0.0555269 0.0672752 0.0672752
120 0.0147821 0.0147821 0.0219079 0.0219079
121 0.116702 0.112699 0.112138 0.112138
122 0.0594616 0.0594616 0.0604001 0.0604001
123 0.0841049 0.0714246 0.0815268 0.0815268
124 0.0589514 0.0578662 0.0738022 0.0738022
125 0.0874091 0.0597339 0.065286 0.065286
126 0.0995783 0.100085 0.124421 0.124421
127 0.0578975 0.0387408 0.060626 0.060626
128 0.0302371 0.00697477 0.0347283 0.0347283
129 0.0737712 0.0948183 0.0958634 0.0958634
130 0.0470604 0.0340261 0.093811 0.093811
131 0.102894 0.0566794 0.0777848 0.0777848
132 0.0847054 0.0693478 0.0777983 0.0777983
133 0.0441816 0.0494564 0.0527778 0.0527778
134 0.0525563 0.0482235 0.03821 0.03821
135 0.0264767 0.0132486 0.0332038 0.0332038
136 0.0732971 0.0865282 0.0946207 0.0946207
137 0.0803673 0.0722265 0.0876916 0.0876916
138 0.0329384 0.0597859 0.0461077 0.0461077
139 0.0676847 0.060661 0.0719744 0.0719744
140 0.0152385 0.00580381 0.0619865 0.0619865
141 0.0155856 0.00203549 0.0399967 0.0399967
142 0.0702175 0.0498403 0.0508808 0.0508808
143 0.172031 0.142781 0.14405 0.14405
144 0.0793931 0.0593403 0.062822 0.062822
145 0.0660917 0.0657785 0.0651335 0.0651335
146 0.0310359 0.0181333 0.0295025 0.0295025
147 0.0929335 0.0899021 0.0944152 0.0944152
148 0.0626057 0.0420518 0.132511 0.132511
149 0.0892791 0.0580544 0.0515371 0.0515371
150 0.0612768 0.0558582 0.0642922 0.0642922
151 0.125398 0.0948263 0.104532 0.104532
152 0.0596558 0.0341369 0.0858737 0.0858737
153 0.0902878 0.0794905 0.0902958 0.0902958
154 0.0448467 0.0292512 0.0476433 0.0476433
155 0.0113217 0.00503479 0.0169451 0.0169451
156 0.05349 0.0534326 0.0475695 0.0475695
157 0.0676238 0.061348 0.0703845 0.0703845
158 0.0170396 0.0168565 0.0125144 0.0125144
159 0.0378353 0.0491729 0.0360871 0.0360871
160 0.0488465 0.0283688 0.0678573 0.0678573
161 0.111058 0.110968 0.0943758 0.0943758
162 0.0923135 0.0830572 0.108986 0.108986
163 0.0637799 0.0543271 0.0677648 0.0677648
164 0.0237454 0.024228 0.0194183 0.0194183
165 0.0615783 0.0530786 0.0654605 0.0654605
166 0.0233699 0.0206938 0.0220086 0.0220086
167 0.0773256 0.0765595 0.081512 0.081512
168 0.047604 0.0476814 0.0517138 0.0517138
169 0.0544546 0.0490357 0.0490341 0.0490341
170 0.0343187 0.0324392 0.0350317 0.0350317
171 0.101643 0.0909331 0.0958382 0.0958382
172 0.0863201 0.0698108 0.0570665 0.0570665
173 0.0628513 0.0722068 0.0601361 0.0601361
174 0.0411604 0.0411604 0.0916239 0.0916239
175 0.0552339 0.0404232 0.123383 0.123383
176 0.0542521 0.0520868 0.0626254 0.0626254
177 0.01698 0.0167047 0.0169787 0.0169787
178 0.0708728 0.0692675 0.0853707 0.0853707
179 0.0698593 0.0712885 0.0689126 0.0689126
180 0.0321578 0.0352898 0.0303708 0.0303708
181 0.0434809 0.0352677 0.0493519 0.0493519
182 0.077177 0.074716 0.0877508 0.0877508
183 0.145102 0.118763 0.158652 0.158652
184 0.0440612 0.018929 0.0610846 0.0610846
185 0.06344 0.0690601 0.0754541 0.0754541
186 0.0478659 0.0399416 0.0406972 0.0406972
187 0.0653876 0.0623378 0.0807262 0.0807262
188 0.0722404 0.0890454 0.100209 0.100209
189 0.0853753 0.0367826 0.0607128 0.0607128
190 0.0611845 0.0611529 0.0627475 0.0627475
191 0.0813812 0.0813812 0.0975183 0.0975183
192 0.0809405 0.0838472 0.0880596 0.0880596
193 0.0395394 0.0331843 0.0508368 0.0508368
194 0.0466059 0.040176 0.0460712 0.0460712
195 0.063788 0.0507147 0.0538861 0.0538861
196 0.0624705 0.0738957 0.126357 0.126357
197 0.174146 0.136642 0.144294 0.144294
198 0.0866881 0.0528613 0.134349 0.134349
199 0.0516978 0.0209472 0.0689061 0.0689061
200 0.0231452 0.00878286 0.0289482 0.0289482
201 0.0741615 0.0484475 0.0767268 0.0767268
202 0.0605289 0.040134 0.0601449 0.0601449
203 0.0481291 0.028751 0.0382797 0.0382797
204 0.0524461 0.04057 0.0585247 0.0585247
205 0.0477507 0.0193796 0.0573391 0.0573391
206 0.0494275 0.0494275 0.0491055 0.0491055
207 0.0342418 0.0396906 0.0431178 0.0431178
208 0.0702066 0.0666693 0.0953354 0.0953354
209 0.164325 0.17492 0.0950938 0.0950938
210 0.0723114 0.0609083 0.0689053 0.0689053
211 0.046668 0.0522646 0.0768359 0.0768359
212 0.0467804 0.0432139 0.0345071 0.0345071
213 0.0434347 0.0331004 0.0382492 0.0382492
214 0.111453 0.0925109 0.111258 0.111258
215 0.0427194 0.0324463 0.057436 0.057436
216 0.100252 0.0679607 0.112402 0.112402
217 0.0217023 0.016667 0.0181456 0.0181456
218 0.0633661 0.0530945 0.084784 0.084784
219 0.0748473 0.0662339 0.070334 0.070334
220 0.0493942 0.0508739 0.0497856 0.0497856
221 0.0998755 0.0745038 0.0676951 0.0676951
222 0.0580898 0.0895573 0.0919488 0.0919488
223 0.0695084 0.0670147 0.0750699 0.0750699
224 0.0792176 0.058842 0.0752346 0.0752346
225 0.0129728 0.00644201 0.0168596 0.0168596
226 0.110477 0.103023 0.113091 0.113091
227 0.0462386 0.0331383 0.0527748 0.0527748
228 0.0349826 0.0333582 0.0341716 0.0341716
229 0.0921583 0.0475885 0.0866577 0.0866577
230 0.0417673 0.0409139 0.0441518 0.0441518
231 0.0724965 0.0381297 0.0479843 0.0479843
232 0.0568537 0.0564113 0.0547048 0.0547048
233 0.0529877 0.0337407 0.0527004 0.0527004
234 0.094939 0.0553291 0.118662 0.118662
235 0.0338503 0.0299114 0.0352033 0.0352033
236 0.0323188 0.0346328 0.0297475 0.0297475
237 0.0864167 0.0754247 0.0649875 0.0649875
238 0.0450196 0.0637524 0.0459376 0.0459376
239 0.0415335 0.0384151 0.034085 0.034085
240 0.0446906 0.0380857 0.0439624 0.0439624
241 0.111313 0.110398 0.116281 0.116281
242 0.0439964 0.0203632 0.0568899 0.0568899
243 0.0492304 0.0162833 0.0496816 0.0496816
244 0.0314813 0.0323931 0.0349558 0.0349558
245 0.0447465 0.0538185 0.0384267 0.0384267
246 0.0353301 0.0345379 0.0359376 0.0359376
247 0.11355 0.111995 0.120652 0.120652
248 0.0604978 0.0534555 0.0646012 0.0646012
249 0.112778 0.0624888 0.0871562 0.0871562
250 0.116575 0.102482 0.0960324 0.0960324
251 0.118123 0.116748 0.0817738 0.0817738
252 0.0635162 0.0757015 0.0782427 0.0782427
253 0.03465 0.0301503 0.0626648 0.0626648
254 0.0758851 0.0682103 0.0685424 0.0685424
255 0.0545061 0.031447 0.0496616 0.0496616
256 0.0660712 0.0595939 0.0689719 0.0689719
257 0.0207329 0.0363742 0.0506742 0.0506742
258 0.0411199 0.0409727 0.0420869 0.0420869
259 0.0617979 0.0553455 0.0810479 0.0810479
260 0.121507 0.116291 0.113808 0.113808
261 0.0555967 0.0479126 0.0490194 0.0490194
262 0.0894096 0.0651605 0.0700557 0.0700557
263 0.0528455 0.0528455 0.0747276 0.0747276
264 0.0359194 0.00852915 0.0137069 0.0137069
265 0.114246 0.100686 0.108491 0.108491
266 0.12295 0.0940121 0.125652 0.125652
267 0.0509102 0.0444201 0.0548928 0.0548928
268 0.0577315 0.0636634 0.0647597 0.0647597
269 0.0760497 0.0706761 0.0826343 0.0826343
270 0.0456831 0.0382499 0.0507577 0.0507577
271 0.0666515 0.0322861 0.0897603 0.0897603
272 0.0370999 0.049942 0.0482166 0.0482166
273 0.0457311 0.0351278 0.0382091 0.0382091
274 0.0522697 0.0503928 0.0530353 0.0530353
275 0.068335 0.0533611 0.093796 0.093796
276 0.0945576 0.0681834 0.0922483 0.0922483
277 0.0778475 0.0297094 0.0542759 0.0542759
278 0.0418463 0.0333203 0.0414857 0.0414857
279 0.099825 0.105572 0.0598628 0.0598628
280 0.0688379 0.0927998 0.060208 0.060208
281 0.0696979 0.0623492 0.0627187 0.0627187
282 0.0418813 0.0420676 0.0482245 0.0482245
283 0.0828659 0.0826969 0.0824898 0.0824898
284 0.0655906 0.0765695 0.103381 0.103381
285 0.0778403 0.0774255 0.0864717 0.0864717
286 0.0945541 0.0857323 0.0909442 0.0909442
287 0.0222669 0.0174745 0.0221628 0.0221628
288 0.0573813 0.0349387 0.0537396 0.0537396
289 0.0493289 0.0394283 0.060181 0.060181
290 0.0180058 0.0170284 0.0177183 0.0177183
291 0.0872033 0.0861786 0.0911821 0.0911821
292 0.0166729 0.0169391 0.0196338 0.0196338
293 0.0347046 0.0331598 0.0389105 0.0389105
294 0.0761423 0.0730837 0.0971998 0.0971998
295 0.0964843 0.0805118 0.0842614 0.0842614
296 0.0901001 0.0870352 0.0844715 0.0844715
297 0.102188 0.0687003 0.0702204 0.0702204
298 0.0643948 0.0625573 0.0639328 0.0639328
299 0.0326872 0.0288131 0.033203 0.033203
300 0.0600928 0.0589577 0.0739268 0.0739268
