1 0.0554505 0.0403111 0.0547293 0.0547293
2 0.0323945 0.0182067 0.046236 0.046236
3 0.0398989 0.028027 0.0406205 0.0406205
4 0.124618 0.111636 0.123748 0.123748
5 0.057113 0.0415717 0.0724138 0.0724138
6 0.0598255 0.0326959 0.0637981 0.0637981
7 0.0784212 0.0496267 0.082228 0.082228
8 0.013858 0.0399951 0.0325041 0.0325041
9 0.0794425 0.0780731 0.0827734 0.0827734
10 0.0818841 0.0799282 0.0948528 0.0948528
11 0.0600285 0.0454231 0.0619404 0.0619404
12 0.0298005 0.0207192 0.0418426 0.0418426
13 0.0782394 0.0608541 0.0898317 0.0898317
14 0.0515595 0.0512803 0.0820393 0.0820393
15 0.0423997 0.0675222 0.0473425 0.0473425
16 0.0968578 0.0861599 0.0895325 0.0895325
17 0.0138103 0.00200701 0.0246492 0.0246492
18 0.0729004 0.0764605 0.076501 0.076501
19 0.0329507 0.0337344 0.0343604 0.0343604
20 0.0509056 0.0487381 0.0629651 0.0629651
21 0.0403767 0.0223028 0.042027 0.042027
22 0.0693837 0.0591611 0.0683116 0.0683116
23 0.0992455 0.0895746 0.137273 0.137273
24 0.0645138 0.0508447 0.0655387 0.0655387
25 0.0550121 0.0325995 0.0761706 0.0761706
26 0.0564038 0.0503592 0.0671597 0.0671597
27 0.0410973 0.036732 0.0547945 0.0547945
28 0.0334708 0.0286371 0.0311207 0.0311207
29 0.0180701 0.0181481 0.0227807 0.0227807
30 0.0732417 0.0790201 0.0755542 0.0755542
31 0.091546 0.0712526 0.12294 0.12294
32 0.0803034 0.0707493 0.0979984 0.0979984
33 0.0483518 0.0662828 0.0758665 0.0758665
34 0.112971 0.0980275 0.110236 0.110236
35 0.0561855 0.0390494 0.0621387 0.0621387
36 0.114471 0.0785412 0.108375 0.108375
37 0.0504859 0.0500725 0.0527364 0.0527364
38 0.0142503 0.0165769 0.0188071 0.0188071
39 0.0234634 0.0167213 0.0202956 0.0202956
40 0.0748875 0.089534 0.0909997 0.0909997
41 0.0503594 0.0474995 0.0498341 0.0498341
42 0.111325 0.100587 0.124782 0.124782
43 0.0313841 0.0317427 0.0321551 0.0321551
44 0.0929068 0.09266 0.118874 0.118874
45 0.0733827 0.0337223 0.0718237 0.0718237
46 0.0695073 0.0825849 0.0831481 0.0831481
47 0.0826283 0.0606483 0.0887238 0.0887238
48 0.0580688 0.0636098 0.0610105 0.0610105
49 0.0515287 0.0354041 0.0645065 0.0645065
50 0.120794 0.124318 0.117662 0.117662
51 0.0383418 0.0383418 0.059623 0.059623
52 0.0259907 0.0442989 0.0446928 0.0446928
53 0.086703 0.0332386 0.065681 0.065681
54 0.061356 0.0533663 0.060872 0.060872
55 0.043932 0.0275495 0.0425356 0.0425356
56 0.0454898 0.028892 0.0579659 0.0579659
57 0.0466197 0.038744 0.065146 0.065146
58 0.0228571 0.0162133 0.0231134 0.0231134
59 0.058224 0.0599804 0.0532113 0.0532113
60 0.0343207 0.03294 0.0336881 0.0336881
61 0.0334611 0.0154269 0.0342292 0.0342292
62 0.0160742 0.0197669 0.0431336 0.0431336
63 0.0609214 0.022973 0.0473569 0.0473569
64 0.0861464 0.0640882 0.0987944 0.0987944
65 0.101193 0.0900734 0.109896 0.109896
66 0.0744175 0.0675962 0.0753252 0.0753252
67 0.0277791 0.0477142 0.046092 0.046092
68 0.0524269 0.0499609 0.0640315 0.0640315
69 0.0495867 0.0529147 0.0456348 0.0456348
70 0.0759125 0.0694347 0.0769946 0.0769946
71 0.0727714 0.0655741 0.0672332 0.0672332
72 0.0704795 0.0650521 0.0775235 0.0775235
73 0.0512673 0.0349278 0.0604454 0.0604454
74 0.0818773 0.0725888 0.0901162 0.0901162
75 0.0534938 0.0534938 0.0579929 0.0579929
76 0.0540761 0.0378483 0.058292 0.058292
77 0.023288 0.018343 0.0240677 0.0240677
78 0.0173317 0.0111708 0.0227219 0.0227219
79 0.0210768 0.0225997 0.0531059 0.0531059
80 0.0394031 0.0192256 0.0547611 0.0547611
81 0.0316575 0.0316575 0.0291035 0.0291035
82 0.0899407 0.0491422 0.0940938 0.0940938
83 0.0840072 0.0789292 0.0871941 0.0871941
84 0.105709 0.0956403 0.102493 0.102493
85 0.0837192 0.0174753 0.0586621 0.0586621
86 0.053367 0.046121 0.052233 0.052233
87 0.0966185 0.0815055 0.0794089 0.0794089
88 0.0505184 0.0355558 0.0586493 0.0586493
89 0.0337895 0.0326094 0.0341482 0.0341482
90 0.0283608 0.0315617 0.0313497 0.0313497
91 0.0612569 0.0562823 0.0627655 0.0627655
92 0.0472972 0.0367165 0.0704577 0.0704577
93 0.114473 0.108703 0.154461 0.154461
94 0.0586042 0.0400833 0.0575061 0.0575061
95 0.0512418 0.0372878 0.0597927 0.0597927
96 0.067361 0.0440404 0.0895567 0.0895567
97 0.057007 0.0488178 0.113047 0.113047
98 0.00408862 0.000729954 0.00762404 0.00762404
99 0.0940951 0.0525652 0.0843875 0.0843875
100 0.0882685 0.0436684 0.0706605 0.0706605
101 0.0712049 0.0741714 0.116026 0.116026
102 0.0496768 0.0391881 0.0510883 0.0510883
103 0.0115236 8.12835e-05 0.0191158 0.0191158
104 0.0542756 0.0361286 0.0575315 0.0575315
105 0.0515826 0.0256304 0.0532505 0.0532505
106 0.0129324 0.0128498 0.0290076 0.0290076
107 0.0712378 0.0542517 0.0597637 0.0597637
108 0.0434705 0.0330066 0.0374555 0.0374555
109 0.0505007 0.0488612 0.0549608 0.0549608
110 0.0810277 0.0770587 0.0787026 0.0787026
111 0.0842355 0.0776799 0.112755 0.112755
112 0.0653565 0.048794 0.0742211 0.0742211
113 0.0191138 0.0168811 0.0209338 0.0209338
114 0.0248101 0.0229685 0.0121491 0.0121491
115 0.105182 0.103223 0.101697 0.101697
116 0.055136 0.0247814 0.0700857 0.0700857
117 0.0121552 0.00660561 0.0348063 0.0348063
118 0.0209062 0.00798133 0.0245744 0.0245744
119 0.0714625 0.0555269 0.0622394 0.0622394
120 0.0131565 0.0147821 0.0219079 0.0219079
121 0.11478 0.112699 0.112138 0.112138
122 0.0593875 0.0594616 0.0604001 0.0604001
123 0.0841049 0.0662389 0.0599136 0.0599136
124 0.0439914 0.0298669 0.0537582 0.0537582
125 0.0826027 0.0575493 0.065286 0.065286
126 0.0891184 0.0917533 0.110219 0.110219
127 0.0550357 0.0290153 0.060626 0.060626
128 0.0254885 0.00697477 0.022161 0.022161
129 0.0737712 0.0754194 0.0895302 0.0895302
130 0.0470604 0.0265528 0.0619748 0.0619748
131 0.101648 0.0566794 0.0777848 0.0777848
132 0.0791038 0.0521205 0.0777983 0.0777983
133 0.0433501 0.035758 0.0527778 0.0527778
134 0.0456829 0.0342421 0.03821 0.03821
135 0.0218689 0.00548049 0.0256278 0.0256278
136 0.0732971 0.0614314 0.085547 0.085547
137 0.0757718 0.0671108 0.0834403 0.0834403
138 0.0329384 0.0430517 0.0424155 0.0424155
139 0.0585604 0.0493287 0.0719744 0.0719744
140 0.0092279 0.00580381 0.0575038 0.0575038
141 0.0133571 0.00203549 0.013314 0.013314
142 0.043729 0.0498403 0.0508808 0.0508808
143 0.134043 0.138077 0.14405 0.14405
144 0.0648622 0.0495469 0.054207 0.054207
145 0.0660917 0.0589324 0.0633292 0.0633292
146 0.0256332 0.00269112 0.0295025 0.0295025
147 0.0866231 0.0848454 0.0944152 0.0944152
148 0.0497546 0.0420518 0.0614365 0.0614365
149 0.0488111 0.0353496 0.0515371 0.0515371
150 0.0557774 0.0558582 0.0642922 0.0642922
151 0.123862 0.0666941 0.104532 0.104532
152 0.0542328 0.0341369 0.0707069 0.0707069
153 0.086627 0.0668417 0.0807537 0.0807537
154 0.0427785 0.0292512 0.0360715 0.0360715
155 0.0113217 0.00503479 0.0169451 0.0169451
156 0.0511822 0.0491227 0.0475695 0.0475695
157 0.0676238 0.0607476 0.0700339 0.0700339
158 0.0168613 0.0168561 0.0125144 0.0125144
159 0.0327373 0.0435562 0.0360871 0.0360871
160 0.0373778 0.0283688 0.0678573 0.0678573
161 0.0726374 0.0464389 0.083324 0.083324
162 0.0862571 0.0635729 0.0893868 0.0893868
163 0.062942 0.0480127 0.0655151 0.0655151
164 0.0237454 0.0182626 0.0194183 0.0194183
165 0.0527642 0.0516543 0.0643436 0.0643436
166 0.0178117 0.0174096 0.0220086 0.0220086
167 0.0489601 0.0765595 0.0770015 0.0770015
168 0.0475695 0.04679 0.0454805 0.0454805
169 0.0464952 0.044969 0.0490341 0.0490341
170 0.0327222 0.032091 0.0347065 0.0347065
171 0.0955297 0.0487012 0.0697023 0.0697023
172 0.0740053 0.0340084 0.0570665 0.0570665
173 0.0485412 0.0271305 0.0564227 0.0564227
174 0.0411604 0.0411604 0.0916239 0.0916239
175 0.0519798 0.0363084 0.064711 0.064711
176 0.0542521 0.0520868 0.0570493 0.0570493
177 0.0168572 0.0167047 0.0169787 0.0169787
178 0.0706431 0.0666313 0.0692691 0.0692691
179 0.0670768 0.0696192 0.0678296 0.0678296
180 0.0252142 0.0330789 0.0303708 0.0303708
181 0.0402899 0.0341818 0.0493519 0.0493519
182 0.0691171 0.0664254 0.0662182 0.0662182
183 0.141484 0.118763 0.148065 0.148065
184 0.043955 0.018929 0.0411175 0.0411175
185 0.06344 0.0671749 0.0730405 0.0730405
186 0.0284433 0.0307223 0.0406972 0.0406972
187 0.0628561 0.0503516 0.0642415 0.0642415
188 0.0722404 0.0760719 0.100209 0.100209
189 0.0765799 0.0338939 0.0607128 0.0607128
190 0.0557743 0.0550306 0.0627475 0.0627475
191 0.0813812 0.0735753 0.0975183 0.0975183
192 0.074352 0.0355561 0.0880596 0.0880596
193 0.0384622 0.0331843 0.0408722 0.0408722
194 0.044332 0.040176 0.0460712 0.0460712
195 0.0444348 0.0507147 0.0538861 0.0538861
196 0.0511334 0.0370085 0.0775167 0.0775167
197 0.143649 0.103829 0.144294 0.144294
198 0.0750783 0.0528613 0.0809722 0.0809722
199 0.0479123 0.0104637 0.0521816 0.0521816
200 0.0221309 0.00878286 0.0289482 0.0289482
201 0.0406484 0.0369287 0.0767268 0.0767268
202 0.051778 0.040134 0.0547617 0.0547617
203 0.031322 0.0250759 0.0382797 0.0382797
204 0.0470478 0.04057 0.0585247 0.0585247
205 0.0477507 0.0193796 0.0522983 0.0522983
206 0.048958 0.0389927 0.0491055 0.0491055
207 0.0342418 0.0350754 0.0431178 0.0431178
208 0.0661991 0.0467356 0.0815902 0.0815902
209 0.0928579 0.0786896 0.0950938 0.0950938
210 0.0716646 0.0607197 0.0627602 0.0627602
211 0.046668 0.0429553 0.0601325 0.0601325
212 0.0467804 0.0416286 0.0345071 0.0345071
213 0.0434347 0.0331004 0.0382492 0.0382492
214 0.101283 0.083724 0.106933 0.106933
215 0.0382491 0.0227541 0.057436 0.057436
216 0.0971552 0.0679607 0.104923 0.104923
217 0.0166698 0.016667 0.0177661 0.0177661
218 0.0626866 0.0530945 0.084784 0.084784
219 0.0731967 0.0627255 0.0560648 0.0560648
220 0.0480643 0.0480001 0.0497856 0.0497856
221 0.079937 0.0745038 0.0676951 0.0676951
222 0.0580898 0.0779469 0.0919488 0.0919488
223 0.0677928 0.0622434 0.0685793 0.0685793
224 0.0792176 0.0466556 0.0752346 0.0752346
225 0.00740354 0.00120623 0.0154178 0.0154178
226 0.107937 0.0890858 0.106079 0.106079
227 0.0462386 0.0325731 0.0498142 0.0498142
228 0.0226858 0.0328922 0.0341716 0.0341716
229 0.0807449 0.0266127 0.0866577 0.0866577
230 0.0330881 0.0386345 0.0388326 0.0388326
231 0.0577134 0.0381297 0.0479843 0.0479843
232 0.0516268 0.0294988 0.0538614 0.0538614
233 0.043988 0.0325547 0.0335033 0.0335033
234 0.0808788 0.0553291 0.118662 0.118662
235 0.033479 0.0299114 0.0350757 0.0350757
236 0.0316804 0.0346328 0.0297475 0.0297475
237 0.0756566 0.0748493 0.0649875 0.0649875
238 0.0450196 0.0553471 0.0459376 0.0459376
239 0.0378287 0.0324832 0.034085 0.034085
240 0.0377005 0.0380857 0.0431031 0.0431031
241 0.110658 0.108143 0.112674 0.112674
242 0.0370779 0.0182223 0.0568899 0.0568899
243 0.0325558 0.0161988 0.0409286 0.0409286
244 0.0314813 0.032203 0.0328267 0.0328267
245 0.0447465 0.0407858 0.0263581 0.0263581
246 0.0353301 0.0327782 0.0353825 0.0353825
247 0.0904164 0.111995 0.0657169 0.0657169
248 0.0543052 0.0498283 0.0646012 0.0646012
249 0.101358 0.0391977 0.0766006 0.0766006
250 0.0999001 0.0772815 0.0960324 0.0960324
251 0.077881 0.0653521 0.0787996 0.0787996
252 0.060915 0.0342999 0.057855 0.057855
253 0.03465 0.0163174 0.0477694 0.0477694
254 0.0544165 0.0495694 0.0685424 0.0685424
255 0.0478567 0.0190779 0.0438796 0.0438796
256 0.0638435 0.057617 0.0606551 0.0606551
257 0.0207329 0.0363742 0.0389481 0.0389481
258 0.034471 0.0407685 0.0420869 0.0420869
259 0.0617979 0.0405177 0.0667833 0.0667833
260 0.117373 0.0962324 0.113808 0.113808
261 0.0464257 0.0474103 0.0490194 0.0490194
262 0.0894096 0.057036 0.0700557 0.0700557
263 0.0528455 0.0498506 0.070387 0.070387
264 0.0238424 0.00172303 0.0137069 0.0137069
265 0.104223 0.100686 0.108491 0.108491
266 0.110788 0.0877663 0.125652 0.125652
267 0.0483698 0.0444201 0.0522775 0.0522775
268 0.0462694 0.063645 0.0647597 0.0647597
269 0.0687251 0.0470302 0.0732537 0.0732537
270 0.0437282 0.038099 0.0507577 0.0507577
271 0.0588976 0.0322633 0.0423384 0.0423384
272 0.033977 0.0377917 0.0482166 0.0482166
273 0.044674 0.0351278 0.0335686 0.0335686
274 0.0455234 0.00819747 0.0430963 0.0430963
275 0.068335 0.0494271 0.0803385 0.0803385
276 0.0933629 0.0666305 0.0914077 0.0914077
277 0.0565945 0.0297094 0.0542759 0.0542759
278 0.0326065 0.0327149 0.0414857 0.0414857
279 0.0597225 0.0354251 0.0598628 0.0598628
280 0.0688379 0.0509232 0.060208 0.060208
281 0.0507558 0.0623492 0.0627187 0.0627187
282 0.0241544 0.0161811 0.0373405 0.0373405
283 0.0788556 0.0630473 0.0824898 0.0824898
284 0.0581875 0.0671041 0.0969064 0.0969064
285 0.0686506 0.0774255 0.0819391 0.0819391
286 0.0868767 0.0836762 0.0909442 0.0909442
287 0.0198182 0.0166943 0.0213272 0.0213272
288 0.0573813 0.0337999 0.0487268 0.0487268
289 0.0493289 0.0363274 0.0493641 0.0493641
290 0.0180058 0.0170284 0.0177183 0.0177183
291 0.0740662 0.0861786 0.0874713 0.0874713
292 0.0166729 0.0169391 0.0196338 0.0196338
293 0.0334489 0.0325685 0.0333333 0.0333333
294 0.0724243 0.0519175 0.0752723 0.0752723
295 0.0888317 0.0621581 0.0719588 0.0719588
296 0.0829371 0.0739701 0.0844715 0.0844715
297 0.0903397 0.0586739 0.0702204 0.0702204
298 0.0643948 0.0616572 0.0525043 0.0525043
299 0.0316691 0.0274188 0.0325106 0.0325106
300 0.0597808 0.0589577 0.0717815 0.0717815
