1 0.0363948 0.0417872 0.0528826 0.0528826
2 0.0227434 0.0139296 0.0310206 0.0310206
3 0.0317741 0.0305995 0.038641 0.038641
4 0.110228 0.104911 0.119416 0.119416
5 0.053886 0.0479998 0.0563108 0.0563108
6 0.0423004 0.0334215 0.0524126 0.0524126
7 0.0517269 0.0387755 0.0518019 0.0518019
8 0.0222871 0.016868 0.0456367 0.0456367
9 0.0802116 0.0795015 0.0639718 0.0639718
10 0.0726428 0.0725265 0.0854112 0.0854112
11 0.0621341 0.0344406 0.0571363 0.0571363
12 0.0279909 0.0346102 0.0362754 0.0362754
13 0.0692985 0.0351196 0.0543069 0.0543069
14 0.0473533 0.0422251 0.0393506 0.0393506
15 0.0678288 0.0328685 0.0432187 0.0432187
16 0.099548 0.0825152 0.0905515 0.0905515
17 0.0120362 0.0192157 0.0238935 0.0238935
18 0.0655835 0.0715141 0.0656206 0.0656206
19 0.0329554 0.0323149 0.0337994 0.0337994
20 0.0551689 0.0497007 0.0601197 0.0601197
21 0.0320438 0.0233441 0.0375007 0.0375007
22 0.0481762 0.0347233 0.0583312 0.0583312
23 0.113724 0.087092 0.110558 0.110558
24 0.0626076 0.0623209 0.0537561 0.0537561
25 0.0597756 0.0503187 0.0649804 0.0649804
26 0.0502441 0.0499836 0.0616361 0.0616361
27 0.0346574 0.0347427 0.055425 0.055425
28 0.0354504 0.0322863 0.0336829 0.0336829
29 0.0182203 0.0171134 0.0186276 0.0186276
30 0.0825008 0.0789932 0.0869128 0.0869128
31 0.0808055 0.0642465 0.12145 0.12145
32 0.0587195 0.0684607 0.089618 0.089618
33 0.0517547 0.06408 0.0672421 0.0672421
34 0.102192 0.0930253 0.106744 0.106744
35 0.0507097 0.0618778 0.0646811 0.0646811
36 0.108544 0.0782168 0.102512 0.102512
37 0.0504651 0.0467746 0.0533177 0.0533177
38 0.0169112 0.0166681 0.0176696 0.0176696
39 0.0173511 0.0164256 0.0190039 0.0190039
40 0.0796051 0.12033 0.103947 0.103947
41 0.0477261 0.0482143 0.0482868 0.0482868
42 0.106511 0.101649 0.140911 0.140911
43 0.031415 0.0317133 0.0314126 0.0314126
44 0.0886765 0.0483782 0.133406 0.133406
45 0.0694728 0.0731357 0.0583371 0.0583371
46 0.0812804 0.0484692 0.0783511 0.0783511
47 0.0564315 0.0430988 0.077916 0.077916
48 0.0516357 0.0437178 0.0539464 0.0539464
49 0.0504189 0.0325707 0.0564725 0.0564725
50 0.124451 0.115897 0.122366 0.122366
51 0.0388955 0.0328327 0.0404652 0.0404652
52 0.0485852 0.0425448 0.0370464 0.0370464
53 0.0462339 0.0438852 0.0463628 0.0463628
54 0.0417993 0.0379757 0.0517144 0.0517144
55 0.0354509 0.0313592 0.0343703 0.0343703
56 0.0669429 0.0336027 0.0708635 0.0708635
57 0.0449481 0.0477555 0.0541698 0.0541698
58 0.0121561 0.0121087 0.0118568 0.0118568
59 0.0526795 0.0532683 0.0499207 0.0499207
60 0.0326264 0.0314709 0.0322872 0.0322872
61 0.0370845 0.0231429 0.041651 0.041651
62 0.0422708 0.0317045 0.0190115 0.0190115
63 0.0459736 0.0374537 0.0240583 0.0240583
64 0.0851241 0.0579623 0.113085 0.113085
65 0.088276 0.0868806 0.0831163 0.0831163
66 0.0647668 0.0704584 0.0698839 0.0698839
67 0.0580864 0.0424569 0.0603795 0.0603795
68 0.0535054 0.0331561 0.0436631 0.0436631
69 0.0567528 0.0472606 0.0605319 0.0605319
70 0.0703981 0.0877565 0.0678888 0.0678888
71 0.0570128 0.0780679 0.0708333 0.0708333
72 0.0712295 0.0538487 0.0594309 0.0594309
73 0.0424313 0.0398663 0.0462585 0.0462585
74 0.0642151 0.0696138 0.0807501 0.0807501
75 0.0602096 0.0483856 0.0616039 0.0616039
76 0.0527661 0.0457632 0.0445201 0.0445201
77 0.0272603 0.0202273 0.0174467 0.0174467
78 0.0220989 0.000780671 0.017442 0.017442
79 0.053244 0.0314539 0.0557153 0.0557153
80 0.0332638 0.0286377 0.039703 0.039703
81 0.0288249 0.0224619 0.0303523 0.0303523
82 0.0950964 0.0702514 0.0934148 0.0934148
83 0.077202 0.0652243 0.0904338 0.0904338
84 0.0868166 0.0906851 0.0819429 0.0819429
85 0.027674 0.0318421 0.0481329 0.0481329
86 0.0568962 0.0468144 0.0529783 0.0529783
87 0.0680442 0.0766766 0.068964 0.068964
88 0.0437611 0.034088 0.0549468 0.0549468
89 0.0328354 0.0324707 0.0327284 0.0327284
90 0.0215236 0.017699 0.0259062 0.0259062
91 0.0559989 0.058151 0.0636613 0.0636613
92 0.0564562 0.0391439 0.0700072 0.0700072
93 0.117226 0.106782 0.140523 0.140523
94 0.0588059 0.0373411 0.0379841 0.0379841
95 0.055195 0.055042 0.0582279 0.0582279
96 0.046658 0.0356542 0.0719759 0.0719759
97 0.0516781 0.0449962 0.0906249 0.0906249
98 0.00334726 9.53772e-05 0.00155313 0.00155313
99 0.0797011 0.0612077 0.0691294 0.0691294
100 0.0478997 0.0553144 0.0567247 0.0567247
101 0.0736602 0.0814212 0.0759789 0.0759789
102 0.0408865 0.043277 0.045894 0.045894
103 0.00787129 0.000144711 0.0129894 0.0129894
104 0.0565232 0.0436562 0.0526043 0.0526043
105 0.0267854 0.0483628 0.0486806 0.0486806
106 0.0172599 0.0256398 0.0193713 0.0193713
107 0.0535608 0.0352001 0.0721425 0.0721425
108 0.0368733 0.0326266 0.0330826 0.0330826
109 0.0518792 0.0330569 0.0389333 0.0389333
110 0.0690753 0.0673621 0.0739086 0.0739086
111 0.108876 0.0926311 0.10368 0.10368
112 0.0644552 0.0494061 0.0487515 0.0487515
113 0.0179034 0.0203426 0.0171784 0.0171784
114 0.0193376 0.0193376 0.0192475 0.0192475
115 0.113995 0.112147 0.111651 0.111651
116 0.0233994 0.0322843 0.0546449 0.0546449
117 0.0205772 0.0173606 0.0365783 0.0365783
118 0.0199499 0.00946765 0.0260307 0.0260307
119 0.0397441 0.0517888 0.0391407 0.0391407
120 0.00888888 0.0157895 0.0186885 0.0186885
121 0.115482 0.106514 0.110086 0.110086
122 0.0545554 0.0488928 0.069265 0.069265
123 0.0547678 0.0712562 0.0679801 0.0679801
124 0.0562711 0.0672386 0.0441512 0.0441512
125 0.0682774 0.0480558 0.0708061 0.0708061
126 0.0843693 0.0775046 0.104758 0.104758
127 0.0507248 0.041546 0.0431568 0.0431568
128 0.0122258 0.0156431 0.0138702 0.0138702
129 0.0696448 0.0592264 0.0625114 0.0625114
130 0.0320515 0.0255652 0.0471091 0.0471091
131 0.0540825 0.0587089 0.0563855 0.0563855
132 0.062976 0.0563665 0.0560512 0.0560512
133 0.0451849 0.0337895 0.0494275 0.0494275
134 0.0353289 0.0328439 0.0458252 0.0458252
135 0.00647902 0.000140735 0.0167598 0.0167598
136 0.0622239 0.053839 0.077845 0.077845
137 0.0702006 0.0749182 0.0819957 0.0819957
138 0.0687403 0.0395426 0.0410348 0.0410348
139 0.0725563 0.0675338 0.0629465 0.0629465
140 0.00432672 0.00129447 0.0173957 0.0173957
141 0.00876894 0.00280771 0.0095808 0.0095808
142 0.0527607 0.0529754 0.0567666 0.0567666
143 0.131146 0.113249 0.146108 0.146108
144 0.0540048 0.0599696 0.0646154 0.0646154
145 0.0612656 0.0617622 0.0642541 0.0642541
146 0.0189325 0.00129748 0.0272629 0.0272629
147 0.0831593 0.084066 0.0822565 0.0822565
148 0.0438095 0.0474621 0.048729 0.048729
149 0.0644709 0.0482286 0.0383569 0.0383569
150 0.0529777 0.0566754 0.0579013 0.0579013
151 0.0777405 0.0727811 0.105871 0.105871
152 0.0444153 0.0239719 0.0561468 0.0561468
153 0.0602282 0.0631694 0.0782225 0.0782225
154 0.0199551 0.0245447 0.0280265 0.0280265
155 0.0166639 0.00181338 0.0117772 0.0117772
156 0.0428326 0.0455823 0.0424848 0.0424848
157 0.0551732 0.0610961 0.0598649 0.0598649
158 0.0166821 0.000593678 0.00369692 0.00369692
159 0.0401457 0.0311379 0.0436538 0.0436538
160 0.0355775 0.016492 0.0637676 0.0637676
161 0.0647328 0.0629206 0.0716967 0.0716967
162 0.0766056 0.0666621 0.0966675 0.0966675
163 0.0580729 0.058093 0.0655286 0.0655286
164 0.0181212 0.0189377 0.0185913 0.0185913
165 0.0515385 0.0262695 0.0533012 0.0533012
166 0.0166674 0.0179139 0.0193305 0.0193305
167 0.057091 0.0569363 0.0597529 0.0597529
168 0.0407373 0.0472596 0.0335235 0.0335235
169 0.0457032 0.0460533 0.0517102 0.0517102
170 0.0336221 0.0324399 0.0317777 0.0317777
171 0.0798801 0.0920355 0.0772449 0.0772449
172 0.0556836 0.0351944 0.0509851 0.0509851
173 0.0244131 0.00174098 0.041224 0.041224
174 0.0643629 0.0715347 0.106689 0.106689
175 0.0410622 0.0398221 0.0612884 0.0612884
176 0.059843 0.0487309 0.0620069 0.0620069
177 0.0162096 0.0166667 0.0168686 0.0168686
178 0.0417179 0.0480629 0.0412185 0.0412185
179 0.0695815 0.0674061 0.065846 0.065846
180 0.0126782 0.0119783 0.0307283 0.0307283
181 0.0487766 0.039071 0.0508629 0.0508629
182 0.071186 0.0551047 0.0844078 0.0844078
183 0.114177 0.128581 0.148101 0.148101
184 0.0195345 0.0195503 0.0380618 0.0380618
185 0.0682592 0.0631326 0.0681409 0.0681409
186 0.0229605 0.0335388 0.0376827 0.0376827
187 0.0518157 0.0462338 0.0736863 0.0736863
188 0.0716388 0.0528182 0.0845539 0.0845539
189 0.0457549 0.0331139 0.0568831 0.0568831
190 0.0504475 0.0501364 0.0350231 0.0350231
191 0.0977861 0.0940231 0.0885493 0.0885493
192 0.0779626 0.0745309 0.0863758 0.0863758
193 0.0225268 0.0167387 0.0249625 0.0249625
194 0.0241332 0.0278705 0.033022 0.033022
195 0.0630841 0.042186 0.0753673 0.0753673
196 0.0530952 0.0337253 0.0745897 0.0745897
197 0.167345 0.143674 0.135521 0.135521
198 0.0574129 0.0626509 0.0688807 0.0688807
199 0.0203746 0.00762052 0.0380474 0.0380474
200 0.0175202 0.00816595 0.0195577 0.0195577
201 0.0343798 0.0393022 0.0551025 0.0551025
202 0.0374601 0.0323689 0.0407647 0.0407647
203 0.0289326 0.0156037 0.0332417 0.0332417
204 0.0380617 0.0370121 0.0460062 0.0460062
205 0.0291943 0.0181387 0.0374141 0.0374141
206 0.0485378 0.0474069 0.0482525 0.0482525
207 0.0322563 0.0340874 0.0257469 0.0257469
208 0.0491145 0.0343851 0.0586401 0.0586401
209 0.0902303 0.0777994 0.13848 0.13848
210 0.0649562 0.0508063 0.059011 0.059011
211 0.0521566 0.035464 0.0548976 0.0548976
212 0.0455001 0.033577 0.0335605 0.0335605
213 0.0374903 0.0419938 0.048628 0.048628
214 0.0851261 0.0902819 0.0999131 0.0999131
215 0.0356082 0.0277678 0.0508361 0.0508361
216 0.100609 0.0661354 0.0985246 0.0985246
217 0.0165806 0.0166668 0.0166947 0.0166947
218 0.0578876 0.0509417 0.0790448 0.0790448
219 0.0688516 0.0389176 0.0642779 0.0642779
220 0.0483968 0.0531647 0.0479183 0.0479183
221 0.0823629 0.0629484 0.0776732 0.0776732
222 0.0554285 0.0421076 0.0965838 0.0965838
223 0.0515795 0.0517269 0.0667001 0.0667001
224 0.0396979 0.0284877 0.0488158 0.0488158
225 0.00106857 0.0166667 0.0166192 0.0166192
226 0.116062 0.0957659 0.0996843 0.0996843
227 0.044361 0.0336457 0.0416356 0.0416356
228 0.0334611 0.0334611 0.0341307 0.0341307
229 0.0483409 0.0426657 0.0825202 0.0825202
230 0.0389652 0.0465179 0.0380308 0.0380308
231 0.0513989 0.0352366 0.0512157 0.0512157
232 0.0318761 0.0300373 0.0525182 0.0525182
233 0.0349845 0.0325334 0.0345959 0.0345959
234 0.0727158 0.0515679 0.0871777 0.0871777
235 0.0335071 0.0333333 0.0331208 0.0331208
236 0.0327641 0.0303605 0.0320671 0.0320671
237 0.0800726 0.0792352 0.074259 0.074259
238 0.0503639 0.050364 0.0653974 0.0653974
239 0.035373 0.0336295 0.0333765 0.0333765
240 0.0308054 0.0308054 0.0337991 0.0337991
241 0.10068 0.0938144 0.108509 0.108509
242 0.00446153 0.00446153 0.0396264 0.0396264
243 0.030454 0.0164539 0.0249391 0.0249391
244 0.0322888 0.0323387 0.0324553 0.0324553
245 0.0499374 0.0407362 0.0419705 0.0419705
246 0.0348313 0.0329263 0.0347513 0.0347513
247 0.0814147 0.0542112 0.107287 0.107287
248 0.0538539 0.032037 0.0491825 0.0491825
249 0.0611127 0.0452622 0.0647229 0.0647229
250 0.0874428 0.0963688 0.0893053 0.0893053
251 0.0689649 0.0679506 0.0624821 0.0624821
252 0.0463379 0.0448678 0.0540633 0.0540633
253 0.0404199 0.0241864 0.0410243 0.0410243
254 0.0513154 0.0404717 0.0512871 0.0512871
255 0.0299058 0.0271194 0.0384596 0.0384596
256 0.0825549 0.0663422 0.0680882 0.0680882
257 0.0418779 0.0288429 0.0470203 0.0470203
258 0.0392983 0.0343951 0.0452604 0.0452604
259 0.0558531 0.054736 0.0591848 0.0591848
260 0.0837503 0.0785664 0.108481 0.108481
261 0.0476551 0.0332199 0.0515017 0.0515017
262 0.0715659 0.0492748 0.0672356 0.0672356
263 0.0579638 0.0542284 0.0764167 0.0764167
264 0.0139553 0.0168312 0.012539 0.012539
265 0.0928953 0.0970353 0.0990087 0.0990087
266 0.0997736 0.110872 0.117391 0.117391
267 0.0487582 0.0443742 0.0491855 0.0491855
268 0.0596343 0.0333294 0.054198 0.054198
269 0.0629102 0.0550583 0.0729038 0.0729038
270 0.0436358 0.0379631 0.0519194 0.0519194
271 0.0445948 0.0414214 0.0570313 0.0570313
272 0.0497373 0.0349923 0.0564181 0.0564181
273 0.0307848 0.0180424 0.0371326 0.0371326
274 0.0448277 0.0310015 0.0496239 0.0496239
275 0.0546988 0.0655498 0.0893353 0.0893353
276 0.0909239 0.079174 0.0905297 0.0905297
277 0.05159 0.0315997 0.0502006 0.0502006
278 0.0287593 0.0298591 0.0374797 0.0374797
279 0.0609325 0.018939 0.0578011 0.0578011
280 0.0681851 0.055966 0.056464 0.056464
281 0.0579985 0.0435787 0.0534698 0.0534698
282 0.0379715 0.0161135 0.024159 0.024159
283 0.0511626 0.0486213 0.0629369 0.0629369
284 0.0762049 0.0331618 0.0717958 0.0717958
285 0.0784156 0.0763921 0.0814364 0.0814364
286 0.0827558 0.0782614 0.0761953 0.0761953
287 0.0170289 0.0166669 0.0218894 0.0218894
288 0.0366686 0.0334749 0.0375156 0.0375156
289 0.0203401 0.00567124 0.0330694 0.0330694
290 0.0188256 0.0169097 0.0162957 0.0162957
291 0.0871772 0.0562914 0.0968839 0.0968839
292 0.0171844 0.0162273 0.0182117 0.0182117
293 0.034763 0.0320868 0.0363151 0.0363151
294 0.0721179 0.0717505 0.0868988 0.0868988
295 0.0842879 0.0600439 0.0615033 0.0615033
296 0.0575677 0.050619 0.0718183 0.0718183
297 0.0795864 0.0991882 0.0722296 0.0722296
298 0.0679088 0.0609357 0.0589008 0.0589008
299 0.0303358 0.0291124 0.0317168 0.0317168
300 0.0572439 0.0545501 0.065582 0.065582
