1 0.0363948 0.0787453 0.0528826 0.0528826
2 0.0240668 0.0153995 0.0338962 0.0338962
3 0.0317741 0.0305995 0.038641 0.038641
4 0.137381 0.142775 0.119416 0.119416
5 0.0602983 0.0511533 0.0671159 0.0671159
6 0.0423004 0.0378232 0.0682888 0.0682888
7 0.0517269 0.0564436 0.0904259 0.0904259
8 0.0448444 0.016868 0.0456367 0.0456367
9 0.0802116 0.0795224 0.0792202 0.0792202
10 0.0960349 0.0739992 0.0970677 0.0970677
11 0.0621341 0.0357127 0.0571363 0.0571363
12 0.0409282 0.0407091 0.0384237 0.0384237
13 0.070375 0.0663421 0.0543069 0.0543069
14 0.0488278 0.0422251 0.0393506 0.0393506
15 0.0832898 0.0330382 0.0432187 0.0432187
16 0.102916 0.0945154 0.102337 0.102337
17 0.0120362 0.0192157 0.0480029 0.0480029
18 0.0682975 0.0797022 0.0656206 0.0656206
19 0.0339602 0.0327471 0.0337994 0.0337994
20 0.0551689 0.0497007 0.073681 0.073681
21 0.0377322 0.0328465 0.0407525 0.0407525
22 0.0503304 0.038489 0.0583312 0.0583312
23 0.113724 0.0885887 0.164637 0.164637
24 0.0626076 0.0627603 0.0537561 0.0537561
25 0.0619167 0.0623809 0.0886941 0.0886941
26 0.0593137 0.0510806 0.0616361 0.0616361
27 0.0416698 0.0369196 0.055425 0.055425
28 0.0354504 0.0343856 0.0376937 0.0376937
29 0.0182203 0.0171134 0.0221687 0.0221687
30 0.0825808 0.0793898 0.0875991 0.0875991
31 0.0880908 0.0691501 0.125917 0.125917
32 0.0587195 0.0736069 0.089618 0.089618
33 0.0627297 0.0650355 0.0721968 0.0721968
34 0.112055 0.107046 0.122055 0.122055
35 0.0507097 0.0626582 0.0646811 0.0646811
36 0.134444 0.0802807 0.132701 0.132701
37 0.0504651 0.0544078 0.0533177 0.0533177
38 0.0171872 0.0244098 0.0176696 0.0176696
39 0.0189092 0.0169711 0.0190039 0.0190039
40 0.0985305 0.120513 0.141081 0.141081
41 0.0477911 0.0525363 0.0496833 0.0496833
42 0.106511 0.105741 0.140911 0.140911
43 0.0316209 0.0319599 0.0319445 0.0319445
44 0.107595 0.061516 0.145845 0.145845
45 0.0694728 0.0844617 0.0583371 0.0583371
46 0.0812804 0.0726778 0.0829582 0.0829582
47 0.0859446 0.0778953 0.089249 0.089249
48 0.0516357 0.0484648 0.0539464 0.0539464
49 0.0504189 0.032591 0.0578093 0.0578093
50 0.127393 0.126303 0.127966 0.127966
51 0.0397095 0.0355093 0.0404652 0.0404652
52 0.055582 0.056037 0.0507996 0.0507996
53 0.0484049 0.0453396 0.0702673 0.0702673
54 0.048098 0.0440731 0.0636968 0.0636968
55 0.0435703 0.0343061 0.0537327 0.0537327
56 0.0698956 0.0474592 0.0708635 0.0708635
57 0.0657176 0.0477555 0.0622669 0.0622669
58 0.0490344 0.0121087 0.0118568 0.0118568
59 0.0584515 0.0577908 0.0559466 0.0559466
60 0.0328079 0.0314709 0.0325118 0.0325118
61 0.0768631 0.0231429 0.0637732 0.0637732
62 0.0422708 0.0327929 0.0190115 0.0190115
63 0.0522196 0.0374537 0.0240583 0.0240583
64 0.0851241 0.0640581 0.113085 0.113085
65 0.088276 0.113614 0.0831163 0.0831163
66 0.0756013 0.0704584 0.0783078 0.0783078
67 0.0630068 0.056914 0.0632105 0.0632105
68 0.0653456 0.0494154 0.0436631 0.0436631
69 0.0567528 0.0595916 0.063194 0.063194
70 0.0703981 0.0883884 0.0678888 0.0678888
71 0.0830953 0.092816 0.0970136 0.0970136
72 0.0712295 0.0677054 0.0837024 0.0837024
73 0.0558728 0.0398663 0.0462585 0.0462585
74 0.0652474 0.0696138 0.0807501 0.0807501
75 0.0639577 0.0585104 0.0653413 0.0653413
76 0.0543401 0.0544986 0.0588024 0.0588024
77 0.0314343 0.0205768 0.0343653 0.0343653
78 0.0281014 0.0273802 0.0210462 0.0210462
79 0.0539115 0.0314539 0.0557153 0.0557153
80 0.0332638 0.0334344 0.0451854 0.0451854
81 0.0312183 0.0312183 0.0311928 0.0311928
82 0.0958023 0.078323 0.0972226 0.0972226
83 0.0802761 0.0888312 0.153746 0.153746
84 0.0945861 0.0928595 0.0977057 0.0977057
85 0.036598 0.036598 0.0658411 0.0658411
86 0.0569453 0.0494991 0.0568599 0.0568599
87 0.077731 0.0778793 0.068964 0.068964
88 0.0572498 0.0518783 0.0678755 0.0678755
89 0.0336402 0.0325316 0.0327284 0.0327284
90 0.0215236 0.017699 0.0402425 0.0402425
91 0.0607256 0.0606713 0.0636613 0.0636613
92 0.0699465 0.0391439 0.0757552 0.0757552
93 0.119514 0.124412 0.140523 0.140523
94 0.0588059 0.0425184 0.0379841 0.0379841
95 0.0882466 0.0609548 0.0785162 0.0785162
96 0.046658 0.0580251 0.0719759 0.0719759
97 0.0675538 0.0557738 0.0906249 0.0906249
98 0.00518409 9.53772e-05 0.00155313 0.00155313
99 0.0833356 0.0751997 0.0691294 0.0691294
100 0.113516 0.0553144 0.0771153 0.0771153
101 0.1078 0.0857291 0.12913 0.12913
102 0.0408865 0.043277 0.0645808 0.0645808
103 0.00873695 0.000505128 0.0420554 0.0420554
104 0.0579631 0.0587284 0.0558501 0.0558501
105 0.053673 0.0483628 0.0558816 0.0558816
106 0.0172599 0.0271191 0.0193713 0.0193713
107 0.0630244 0.0426183 0.0721425 0.0721425
108 0.0398147 0.0330607 0.041607 0.041607
109 0.0604069 0.0419699 0.064477 0.064477
110 0.0690753 0.068005 0.0739086 0.0739086
111 0.111794 0.100767 0.10368 0.10368
112 0.0757103 0.0597972 0.0591058 0.0591058
113 0.0458893 0.0354858 0.0171784 0.0171784
114 0.0193376 0.0193376 0.0192475 0.0192475
115 0.114619 0.112605 0.115671 0.115671
116 0.0233994 0.0355089 0.0725468 0.0725468
117 0.0489781 0.0481274 0.0365783 0.0365783
118 0.0243582 0.0197212 0.0260307 0.0260307
119 0.0928021 0.0517888 0.0391407 0.0391407
120 0.0207372 0.0236343 0.0186885 0.0186885
121 0.115482 0.106514 0.110257 0.110257
122 0.0571194 0.0624723 0.0712109 0.0712109
123 0.082219 0.082219 0.0679801 0.0679801
124 0.0700213 0.0724944 0.0606715 0.0606715
125 0.0778374 0.0654137 0.0961101 0.0961101
126 0.0908744 0.0908744 0.12018 0.12018
127 0.0507248 0.0484668 0.0610102 0.0610102
128 0.0206656 0.0164833 0.0138702 0.0138702
129 0.0881007 0.0677476 0.0625114 0.0625114
130 0.0320515 0.0609486 0.0691918 0.0691918
131 0.0665137 0.0659673 0.108474 0.108474
132 0.0642988 0.0639433 0.0660607 0.0660607
133 0.0451849 0.0337895 0.0494275 0.0494275
134 0.0353289 0.0545599 0.0458252 0.0458252
135 0.00647902 0.000684109 0.0212147 0.0212147
136 0.0729318 0.0541654 0.0933093 0.0933093
137 0.0702006 0.0869164 0.0819957 0.0819957
138 0.0688821 0.0534935 0.0439987 0.0439987
139 0.0725563 0.079363 0.0774455 0.0774455
140 0.00432672 0.0175007 0.0589826 0.0589826
141 0.0136987 0.012344 0.009696 0.009696
142 0.0723244 0.0543902 0.0666478 0.0666478
143 0.136218 0.123674 0.146108 0.146108
144 0.0540048 0.0617024 0.0646154 0.0646154
145 0.0612656 0.0617622 0.0645453 0.0645453
146 0.0214358 0.0153767 0.0272629 0.0272629
147 0.0873906 0.084066 0.0894145 0.0894145
148 0.0438095 0.0644793 0.106664 0.106664
149 0.0644709 0.0605254 0.0427651 0.0427651
150 0.0582128 0.0582128 0.0634775 0.0634775
151 0.0952295 0.0727811 0.130439 0.130439
152 0.0444153 0.0333281 0.0561468 0.0561468
153 0.0650838 0.0631694 0.0829218 0.0829218
154 0.0199551 0.0245447 0.0280265 0.0280265
155 0.0166639 0.0204568 0.0122903 0.0122903
156 0.0474898 0.0506172 0.0424848 0.0424848
157 0.0626084 0.0610961 0.0668682 0.0668682
158 0.0170448 0.0158161 0.00369692 0.00369692
159 0.0401457 0.0460035 0.0476771 0.0476771
160 0.0355775 0.0338125 0.0637676 0.0637676
161 0.104593 0.0661358 0.0881826 0.0881826
162 0.0766056 0.0856781 0.105623 0.105623
163 0.0680875 0.058093 0.0655286 0.0655286
164 0.0251282 0.0190915 0.0185913 0.0185913
165 0.071751 0.0506604 0.0533012 0.0533012
166 0.0188566 0.0202022 0.0193305 0.0193305
167 0.057091 0.060656 0.0860999 0.0860999
168 0.0497949 0.048227 0.0494636 0.0494636
169 0.0473029 0.0494824 0.0517102 0.0517102
170 0.0336221 0.0324621 0.0329938 0.0329938
171 0.0798801 0.0920355 0.0772449 0.0772449
172 0.0957222 0.0570477 0.0509851 0.0509851
173 0.0274132 0.00303015 0.0571716 0.0571716
174 0.0749941 0.0759336 0.106689 0.106689
175 0.042743 0.0408712 0.113382 0.113382
176 0.059843 0.0487309 0.0659828 0.0659828
177 0.0176056 0.0178973 0.0168686 0.0168686
178 0.0630795 0.0630795 0.0412185 0.0412185
179 0.0734345 0.0681798 0.065846 0.065846
180 0.0126782 0.0119783 0.0307283 0.0307283
181 0.0502901 0.0391062 0.0508629 0.0508629
182 0.0773047 0.0725713 0.102765 0.102765
183 0.114177 0.132738 0.148101 0.148101
184 0.0241625 0.0195503 0.0415832 0.0415832
185 0.0715562 0.0634203 0.0681409 0.0681409
186 0.0555547 0.0335955 0.0376827 0.0376827
187 0.061549 0.0547831 0.0795731 0.0795731
188 0.0716388 0.0551753 0.0845539 0.0845539
189 0.0773119 0.0542016 0.0568831 0.0568831
190 0.0662725 0.0705237 0.0350231 0.0350231
191 0.100959 0.0975305 0.0981094 0.0981094
192 0.0779626 0.0762085 0.0863758 0.0863758
193 0.0225268 0.0200523 0.0526911 0.0526911
194 0.0384641 0.0474798 0.0477575 0.0477575
195 0.0640588 0.0613081 0.0753673 0.0753673
196 0.063925 0.0355128 0.104195 0.104195
197 0.174588 0.17534 0.153219 0.153219
198 0.0574129 0.0626509 0.0856344 0.0856344
199 0.0345701 0.00981615 0.0457228 0.0457228
200 0.0348376 0.00816595 0.0427968 0.0427968
201 0.057492 0.0393022 0.0551025 0.0551025
202 0.0481496 0.0501869 0.0745578 0.0745578
203 0.0416195 0.0324932 0.0416047 0.0416047
204 0.0684833 0.0554467 0.0647154 0.0647154
205 0.0291943 0.020683 0.0381571 0.0381571
206 0.0507837 0.0474849 0.0482525 0.0482525
207 0.0371596 0.0450913 0.0257469 0.0257469
208 0.0505907 0.0343851 0.103515 0.103515
209 0.108848 0.0958406 0.13848 0.13848
210 0.0665657 0.0623967 0.059011 0.059011
211 0.0532559 0.0469805 0.0651589 0.0651589
212 0.0455001 0.0432613 0.0335605 0.0335605
213 0.042554 0.0445908 0.048628 0.048628
214 0.114028 0.0902819 0.113292 0.113292
215 0.0356082 0.0332482 0.0545536 0.0545536
216 0.10177 0.076414 0.108063 0.108063
217 0.0179186 0.0166671 0.0178129 0.0178129
218 0.0578876 0.0509417 0.0939704 0.0939704
219 0.0688516 0.068457 0.0652624 0.0652624
220 0.0499602 0.0568764 0.0479183 0.0479183
221 0.127689 0.100853 0.0880281 0.0880281
222 0.0898768 0.0470346 0.0969414 0.0969414
223 0.0747535 0.0742724 0.0722296 0.0722296
224 0.0406842 0.0458595 0.0844531 0.0844531
225 0.0140843 0.0169295 0.0166608 0.0166608
226 0.12794 0.0957659 0.10237 0.10237
227 0.044361 0.0336457 0.0546149 0.0546149
228 0.0334611 0.0334611 0.0341307 0.0341307
229 0.0900388 0.0426657 0.0840546 0.0840546
230 0.0389652 0.0538582 0.0403243 0.0403243
231 0.0513989 0.045747 0.0512157 0.0512157
232 0.0375967 0.0506839 0.0559825 0.0559825
233 0.0358204 0.0363047 0.0546325 0.0546325
234 0.0847141 0.0515679 0.107322 0.107322
235 0.0341151 0.0333333 0.0350153 0.0350153
236 0.0327641 0.0303605 0.0320671 0.0320671
237 0.0800726 0.0816486 0.074259 0.074259
238 0.0619998 0.0604392 0.0851553 0.0851553
239 0.040994 0.0336295 0.0351523 0.0351523
240 0.0308054 0.0308054 0.0337991 0.0337991
241 0.10068 0.0983344 0.108509 0.108509
242 0.00446153 0.00446153 0.0482746 0.0482746
243 0.0414663 0.0227897 0.0464635 0.0464635
244 0.032476 0.0323592 0.0324553 0.0324553
245 0.0571945 0.0486798 0.0544106 0.0544106
246 0.0367568 0.032951 0.0347513 0.0347513
247 0.0814147 0.0542112 0.107287 0.107287
248 0.0577094 0.0473163 0.0491825 0.0491825
249 0.0611127 0.0568697 0.0647229 0.0647229
250 0.0874428 0.0980468 0.10005 0.10005
251 0.0920777 0.095089 0.0807946 0.0807946
252 0.0575316 0.0554956 0.06957 0.06957
253 0.0404199 0.0242591 0.0410243 0.0410243
254 0.0602125 0.0507059 0.0732241 0.0732241
255 0.0299058 0.0482077 0.0429755 0.0429755
256 0.0825549 0.0676682 0.0695191 0.0695191
257 0.0552197 0.0465032 0.0524779 0.0524779
258 0.0497654 0.037029 0.0452604 0.0452604
259 0.0558531 0.0680844 0.0740975 0.0740975
260 0.124427 0.103503 0.108481 0.108481
261 0.0484998 0.0376638 0.0575119 0.0575119
262 0.0715659 0.0514397 0.0672356 0.0672356
263 0.058453 0.072413 0.0764167 0.0764167
264 0.0464699 0.0212444 0.012539 0.012539
265 0.118502 0.102286 0.113243 0.113243
266 0.111243 0.113596 0.117391 0.117391
267 0.0490347 0.0443742 0.0491855 0.0491855
268 0.123999 0.0412394 0.054198 0.054198
269 0.0639576 0.0550583 0.0729038 0.0729038
270 0.0436358 0.0419123 0.0519194 0.0519194
271 0.0511683 0.0518059 0.104227 0.104227
272 0.0639446 0.0567401 0.0564181 0.0564181
273 0.0307848 0.0180424 0.0371326 0.0371326
274 0.0543838 0.04004 0.050994 0.050994
275 0.0600558 0.0761626 0.0961715 0.0961715
276 0.0909239 0.0911556 0.0905297 0.0905297
277 0.0662015 0.0321973 0.0579773 0.0579773
278 0.0341008 0.0327817 0.0374797 0.0374797
279 0.0614466 0.0487207 0.0578011 0.0578011
280 0.092425 0.0703408 0.056464 0.056464
281 0.0586787 0.0533045 0.0534698 0.0534698
282 0.0412721 0.036542 0.0435685 0.0435685
283 0.0669612 0.0629559 0.0629369 0.0629369
284 0.0830698 0.0397755 0.0750386 0.0750386
285 0.0863302 0.0763921 0.0833045 0.0833045
286 0.0847821 0.0923815 0.0884865 0.0884865
287 0.0170289 0.0167113 0.0311454 0.0311454
288 0.0453317 0.0375232 0.0443117 0.0443117
289 0.046844 0.0373318 0.0445727 0.0445727
290 0.0256046 0.0170712 0.0286677 0.0286677
291 0.108456 0.0782111 0.115214 0.115214
292 0.0174381 0.0174381 0.0182117 0.0182117
293 0.040678 0.0327894 0.0397945 0.0397945
294 0.0795563 0.0837045 0.0934737 0.0934737
295 0.0998502 0.090301 0.0615033 0.0615033
296 0.0709435 0.050619 0.0819652 0.0819652
297 0.0923768 0.0993043 0.0752746 0.0752746
298 0.0708458 0.0628567 0.0633013 0.0633013
299 0.0303358 0.0291124 0.0337007 0.0337007
300 0.0610753 0.0686722 0.065582 0.065582
